[ 2015-09-12T09:11:57+08:00 ] ::1 /24hours_admin/
INFO: [ app_init ] --START--
INFO: Run Behavior\BuildLiteBehavior [ RunTime:0.000024s ]
INFO: [ app_init ] --END-- [ RunTime:0.000921s ]
INFO: [ app_begin ] --START--
INFO: Run Behavior\ReadHtmlCacheBehavior [ RunTime:0.000534s ]
INFO: [ app_begin ] --END-- [ RunTime:0.000600s ]
NOTIC: [8] A session had already been started - ignoring session_start() E:\WWW\24hours_admin\24hours\Admin\Controller\IndexController.class.php 第 8 行.
INFO: [ view_parse ] --START--
INFO: [ template_filter ] --START--
INFO: Run Behavior\ContentReplaceBehavior [ RunTime:0.000039s ]
INFO: [ template_filter ] --END-- [ RunTime:0.000094s ]
INFO: Run Behavior\ParseTemplateBehavior [ RunTime:0.005399s ]
INFO: [ view_parse ] --END-- [ RunTime:0.005463s ]
INFO: [ view_filter ] --START--
INFO: Run Behavior\WriteHtmlCacheBehavior [ RunTime:0.000414s ]
INFO: [ view_filter ] --END-- [ RunTime:0.000464s ]
INFO: [ app_end ] --START--
INFO: Run Behavior\ShowPageTraceBehavior [ RunTime:0.000523s ]
INFO: [ app_end ] --END-- [ RunTime:0.000568s ]

[ 2015-09-12T09:11:57+08:00 ] ::1 /24hours_admin/24hours/Admin/Public/css/style.shinyblue.css
INFO: [ app_init ] --START--
INFO: Run Behavior\BuildLiteBehavior [ RunTime:0.000014s ]
INFO: [ app_init ] --END-- [ RunTime:0.000313s ]
INFO: [ app_begin ] --START--
INFO: Run Behavior\ReadHtmlCacheBehavior [ RunTime:0.000553s ]
INFO: [ app_begin ] --END-- [ RunTime:0.000631s ]
ERR: 无法加载控制器:24hours_admin

[ 2015-09-12T09:11:57+08:00 ] ::1 /24hours_admin/24hours/Admin/Public/js/new/user.js
INFO: [ app_init ] --START--
INFO: Run Behavior\BuildLiteBehavior [ RunTime:0.000013s ]
INFO: [ app_init ] --END-- [ RunTime:0.000272s ]
INFO: [ app_begin ] --START--
INFO: Run Behavior\ReadHtmlCacheBehavior [ RunTime:0.001137s ]
INFO: [ app_begin ] --END-- [ RunTime:0.001335s ]
ERR: 无法加载控制器:24hours_admin

[ 2015-09-12T09:12:04+08:00 ] ::1 /24hours_admin/?
INFO: [ app_init ] --START--
INFO: Run Behavior\BuildLiteBehavior [ RunTime:0.000032s ]
INFO: [ app_init ] --END-- [ RunTime:0.000486s ]
INFO: [ app_begin ] --START--
INFO: Run Behavior\ReadHtmlCacheBehavior [ RunTime:0.000677s ]
INFO: [ app_begin ] --END-- [ RunTime:0.000772s ]
NOTIC: [8] A session had already been started - ignoring session_start() E:\WWW\24hours_admin\24hours\Admin\Controller\IndexController.class.php 第 8 行.
SQL: SHOW COLUMNS FROM `sz24hours_user` [ RunTime:0.1114s ]
SQL: SELECT * FROM `sz24hours_user` WHERE ( (userid='admin' or email='admin' or phone='admin') AND pwd='21232f297a57a5a743894a0e4a801fc3' ) LIMIT 1   [ RunTime:0.0005s ]

[ 2015-09-12T09:12:04+08:00 ] ::1 /24hours_admin/index.php/Console/dashboard.html
INFO: [ app_init ] --START--
INFO: Run Behavior\BuildLiteBehavior [ RunTime:0.000013s ]
INFO: [ app_init ] --END-- [ RunTime:0.000283s ]
INFO: [ app_begin ] --START--
INFO: Run Behavior\ReadHtmlCacheBehavior [ RunTime:0.000486s ]
INFO: [ app_begin ] --END-- [ RunTime:0.000550s ]
NOTIC: [8] A session had already been started - ignoring session_start() E:\WWW\24hours_admin\24hours\Admin\Controller\CommonController.class.php 第 8 行.
SQL: SHOW COLUMNS FROM `sz24hours_user` [ RunTime:0.0070s ]
SQL: SELECT * FROM `sz24hours_user` WHERE ( userid='admin' ) LIMIT 1   [ RunTime:0.0005s ]
INFO: [ view_parse ] --START--
INFO: [ template_filter ] --START--
INFO: Run Behavior\ContentReplaceBehavior [ RunTime:0.000102s ]
INFO: [ template_filter ] --END-- [ RunTime:0.000158s ]
NOTIC: [8] Undefined variable: data01 E:\WWW\24hours_admin\24hours\Runtime\Cache\Admin\26b171401dbd5b60c808612bdab45468.php 第 92 行.
NOTIC: [8] Undefined variable: data01 E:\WWW\24hours_admin\24hours\Runtime\Cache\Admin\26b171401dbd5b60c808612bdab45468.php 第 93 行.
NOTIC: [8] Undefined variable: data01 E:\WWW\24hours_admin\24hours\Runtime\Cache\Admin\26b171401dbd5b60c808612bdab45468.php 第 94 行.
NOTIC: [8] Undefined variable: data01 E:\WWW\24hours_admin\24hours\Runtime\Cache\Admin\26b171401dbd5b60c808612bdab45468.php 第 95 行.
NOTIC: [8] Undefined variable: data01 E:\WWW\24hours_admin\24hours\Runtime\Cache\Admin\26b171401dbd5b60c808612bdab45468.php 第 96 行.
NOTIC: [8] Undefined variable: data E:\WWW\24hours_admin\24hours\Runtime\Cache\Admin\26b171401dbd5b60c808612bdab45468.php 第 100 行.
NOTIC: [8] Undefined variable: data E:\WWW\24hours_admin\24hours\Runtime\Cache\Admin\26b171401dbd5b60c808612bdab45468.php 第 101 行.
NOTIC: [8] Undefined variable: data E:\WWW\24hours_admin\24hours\Runtime\Cache\Admin\26b171401dbd5b60c808612bdab45468.php 第 102 行.
NOTIC: [8] Undefined variable: data E:\WWW\24hours_admin\24hours\Runtime\Cache\Admin\26b171401dbd5b60c808612bdab45468.php 第 103 行.
INFO: Run Behavior\ParseTemplateBehavior [ RunTime:0.013292s ]
INFO: [ view_parse ] --END-- [ RunTime:0.013349s ]
INFO: [ view_filter ] --START--
INFO: Run Behavior\WriteHtmlCacheBehavior [ RunTime:0.000419s ]
INFO: [ view_filter ] --END-- [ RunTime:0.000464s ]
INFO: [ app_end ] --START--
INFO: Run Behavior\ShowPageTraceBehavior [ RunTime:0.000934s ]
INFO: [ app_end ] --END-- [ RunTime:0.001067s ]

[ 2015-09-12T09:14:05+08:00 ] ::1 /24hours_admin/index.php/Admin/service.html
INFO: [ app_init ] --START--
INFO: Run Behavior\BuildLiteBehavior [ RunTime:0.000013s ]
INFO: [ app_init ] --END-- [ RunTime:0.000305s ]
INFO: [ app_begin ] --START--
INFO: Run Behavior\ReadHtmlCacheBehavior [ RunTime:0.000492s ]
INFO: [ app_begin ] --END-- [ RunTime:0.000549s ]
NOTIC: [8] A session had already been started - ignoring session_start() E:\WWW\24hours_admin\24hours\Admin\Controller\CommonController.class.php 第 8 行.
SQL: SHOW COLUMNS FROM `sz24hours_user` [ RunTime:0.0271s ]
SQL: SELECT * FROM `sz24hours_user` WHERE ( userid='admin' ) LIMIT 1   [ RunTime:0.0006s ]
INFO: [ view_parse ] --START--
INFO: [ template_filter ] --START--
INFO: Run Behavior\ContentReplaceBehavior [ RunTime:0.000081s ]
INFO: [ template_filter ] --END-- [ RunTime:0.000142s ]
NOTIC: [8] Undefined variable: data01 E:\WWW\24hours_admin\24hours\Runtime\Cache\Admin\60c993ad9991540b4282ac3aef2b4594.php 第 106 行.
NOTIC: [8] Undefined variable: data01 E:\WWW\24hours_admin\24hours\Runtime\Cache\Admin\60c993ad9991540b4282ac3aef2b4594.php 第 107 行.
NOTIC: [8] Undefined variable: data01 E:\WWW\24hours_admin\24hours\Runtime\Cache\Admin\60c993ad9991540b4282ac3aef2b4594.php 第 108 行.
NOTIC: [8] Undefined variable: data01 E:\WWW\24hours_admin\24hours\Runtime\Cache\Admin\60c993ad9991540b4282ac3aef2b4594.php 第 109 行.
NOTIC: [8] Undefined variable: data01 E:\WWW\24hours_admin\24hours\Runtime\Cache\Admin\60c993ad9991540b4282ac3aef2b4594.php 第 110 行.
NOTIC: [8] Undefined index: sh_two02 E:\WWW\24hours_admin\24hours\Runtime\Cache\Admin\60c993ad9991540b4282ac3aef2b4594.php 第 117 行.
NOTIC: [8] Undefined variable: set E:\WWW\24hours_admin\24hours\Runtime\Cache\Admin\60c993ad9991540b4282ac3aef2b4594.php 第 133 行.
NOTIC: [8] Undefined variable: ok E:\WWW\24hours_admin\24hours\Runtime\Cache\Admin\60c993ad9991540b4282ac3aef2b4594.php 第 211 行.
INFO: Run Behavior\ParseTemplateBehavior [ RunTime:0.030804s ]
INFO: [ view_parse ] --END-- [ RunTime:0.030875s ]
INFO: [ view_filter ] --START--
INFO: Run Behavior\WriteHtmlCacheBehavior [ RunTime:0.000375s ]
INFO: [ view_filter ] --END-- [ RunTime:0.000421s ]
INFO: [ app_end ] --START--
INFO: Run Behavior\ShowPageTraceBehavior [ RunTime:0.000758s ]
INFO: [ app_end ] --END-- [ RunTime:0.000839s ]

[ 2015-09-12T09:38:54+08:00 ] ::1 /24hours_admin/index.php/Console/dashboard.html
INFO: [ app_init ] --START--
INFO: Run Behavior\BuildLiteBehavior [ RunTime:0.000024s ]
INFO: [ app_init ] --END-- [ RunTime:0.000520s ]
INFO: [ app_begin ] --START--
INFO: Run Behavior\ReadHtmlCacheBehavior [ RunTime:0.000740s ]
INFO: [ app_begin ] --END-- [ RunTime:0.000833s ]
NOTIC: [8] A session had already been started - ignoring session_start() E:\WWW\24hours_admin\24hours\Admin\Controller\CommonController.class.php 第 8 行.
SQL: SHOW COLUMNS FROM `sz24hours_user` [ RunTime:0.0438s ]
SQL: SELECT * FROM `sz24hours_user` WHERE ( userid='admin' ) LIMIT 1   [ RunTime:0.0008s ]
INFO: [ view_parse ] --START--
INFO: [ template_filter ] --START--
INFO: Run Behavior\ContentReplaceBehavior [ RunTime:0.000157s ]
INFO: [ template_filter ] --END-- [ RunTime:0.000248s ]
NOTIC: [8] Undefined variable: data01 E:\WWW\24hours_admin\24hours\Runtime\Cache\Admin\26b171401dbd5b60c808612bdab45468.php 第 92 行.
NOTIC: [8] Undefined variable: data01 E:\WWW\24hours_admin\24hours\Runtime\Cache\Admin\26b171401dbd5b60c808612bdab45468.php 第 93 行.
NOTIC: [8] Undefined variable: data01 E:\WWW\24hours_admin\24hours\Runtime\Cache\Admin\26b171401dbd5b60c808612bdab45468.php 第 94 行.
NOTIC: [8] Undefined variable: data01 E:\WWW\24hours_admin\24hours\Runtime\Cache\Admin\26b171401dbd5b60c808612bdab45468.php 第 95 行.
NOTIC: [8] Undefined variable: data01 E:\WWW\24hours_admin\24hours\Runtime\Cache\Admin\26b171401dbd5b60c808612bdab45468.php 第 96 行.
NOTIC: [8] Undefined variable: data E:\WWW\24hours_admin\24hours\Runtime\Cache\Admin\26b171401dbd5b60c808612bdab45468.php 第 100 行.
NOTIC: [8] Undefined variable: data E:\WWW\24hours_admin\24hours\Runtime\Cache\Admin\26b171401dbd5b60c808612bdab45468.php 第 101 行.
NOTIC: [8] Undefined variable: data E:\WWW\24hours_admin\24hours\Runtime\Cache\Admin\26b171401dbd5b60c808612bdab45468.php 第 102 行.
NOTIC: [8] Undefined variable: data E:\WWW\24hours_admin\24hours\Runtime\Cache\Admin\26b171401dbd5b60c808612bdab45468.php 第 103 行.
INFO: Run Behavior\ParseTemplateBehavior [ RunTime:0.024524s ]
INFO: [ view_parse ] --END-- [ RunTime:0.024584s ]
INFO: [ view_filter ] --START--
INFO: Run Behavior\WriteHtmlCacheBehavior [ RunTime:0.000364s ]
INFO: [ view_filter ] --END-- [ RunTime:0.000409s ]
INFO: [ app_end ] --START--
INFO: Run Behavior\ShowPageTraceBehavior [ RunTime:0.000724s ]
INFO: [ app_end ] --END-- [ RunTime:0.000797s ]

