[ 2015-11-09T17:51:08+08:00 ] 127.0.0.1 /gondan/
INFO: [ app_init ] --START--
INFO: Run Behavior\BuildLiteBehavior [ RunTime:0.000091s ]
INFO: [ app_init ] --END-- [ RunTime:0.002218s ]
INFO: [ app_begin ] --START--
INFO: Run Behavior\ReadHtmlCacheBehavior [ RunTime:0.000878s ]
INFO: [ app_begin ] --END-- [ RunTime:0.001027s ]
SQL: SHOW COLUMNS FROM `sz24hours_time` [ RunTime:0.0022s ]
SQL: SELECT * FROM `sz24hours_time` LIMIT 1   [ RunTime:0.0002s ]
NOTIC: [8] A session had already been started - ignoring session_start() C:\wamp\www\gondan\24hours\Admin\Controller\IndexController.class.php 第 10 行.
INFO: [ view_parse ] --START--
INFO: [ template_filter ] --START--
INFO: Run Behavior\ContentReplaceBehavior [ RunTime:0.000056s ]
INFO: [ template_filter ] --END-- [ RunTime:0.000167s ]
INFO: Run Behavior\ParseTemplateBehavior [ RunTime:0.006935s ]
INFO: [ view_parse ] --END-- [ RunTime:0.007035s ]
INFO: [ view_filter ] --START--
INFO: Run Behavior\WriteHtmlCacheBehavior [ RunTime:0.000540s ]
INFO: [ view_filter ] --END-- [ RunTime:0.000632s ]
INFO: [ app_end ] --START--
INFO: Run Behavior\ShowPageTraceBehavior [ RunTime:0.000925s ]
INFO: [ app_end ] --END-- [ RunTime:0.001016s ]

[ 2015-11-09T17:51:13+08:00 ] 127.0.0.1 /gondan/?
INFO: [ app_init ] --START--
INFO: Run Behavior\BuildLiteBehavior [ RunTime:0.000018s ]
INFO: [ app_init ] --END-- [ RunTime:0.000310s ]
INFO: [ app_begin ] --START--
INFO: Run Behavior\ReadHtmlCacheBehavior [ RunTime:0.000399s ]
INFO: [ app_begin ] --END-- [ RunTime:0.000518s ]
SQL: SHOW COLUMNS FROM `sz24hours_time` [ RunTime:0.0014s ]
SQL: SELECT * FROM `sz24hours_time` LIMIT 1   [ RunTime:0.0002s ]
NOTIC: [8] A session had already been started - ignoring session_start() C:\wamp\www\gondan\24hours\Admin\Controller\IndexController.class.php 第 10 行.
SQL: SHOW COLUMNS FROM `sz24hours_user` [ RunTime:0.0014s ]
SQL: SELECT * FROM `sz24hours_user` WHERE ( (userid='admin' or email='admin' or phone='admin') AND pwd='21232f297a57a5a743894a0e4a801fc3' ) LIMIT 1   [ RunTime:0.0003s ]

[ 2015-11-09T17:51:13+08:00 ] 127.0.0.1 /gondan/index.php/Console/dashboard.html
INFO: [ app_init ] --START--
INFO: Run Behavior\BuildLiteBehavior [ RunTime:0.000018s ]
INFO: [ app_init ] --END-- [ RunTime:0.000271s ]
INFO: [ app_begin ] --START--
INFO: Run Behavior\ReadHtmlCacheBehavior [ RunTime:0.000327s ]
INFO: [ app_begin ] --END-- [ RunTime:0.000409s ]
NOTIC: [8] A session had already been started - ignoring session_start() C:\wamp\www\gondan\24hours\Admin\Controller\CommonController.class.php 第 11 行.
SQL: SHOW COLUMNS FROM `sz24hours_user` [ RunTime:0.0013s ]
SQL: SELECT * FROM `sz24hours_user` WHERE ( userid='admin' ) LIMIT 1   [ RunTime:0.0002s ]
INFO: [ view_parse ] --START--
INFO: [ template_filter ] --START--
INFO: Run Behavior\ContentReplaceBehavior [ RunTime:0.000077s ]
INFO: [ template_filter ] --END-- [ RunTime:0.000173s ]
NOTIC: [8] Undefined variable: data C:\wamp\www\gondan\24hours\Runtime\Cache\Admin\26b171401dbd5b60c808612bdab45468.php 第 64 行.
NOTIC: [8] Undefined variable: data C:\wamp\www\gondan\24hours\Runtime\Cache\Admin\26b171401dbd5b60c808612bdab45468.php 第 68 行.
NOTIC: [8] Undefined variable: data01 C:\wamp\www\gondan\24hours\Runtime\Cache\Admin\26b171401dbd5b60c808612bdab45468.php 第 97 行.
NOTIC: [8] Undefined variable: data01 C:\wamp\www\gondan\24hours\Runtime\Cache\Admin\26b171401dbd5b60c808612bdab45468.php 第 98 行.
NOTIC: [8] Undefined variable: data01 C:\wamp\www\gondan\24hours\Runtime\Cache\Admin\26b171401dbd5b60c808612bdab45468.php 第 99 行.
NOTIC: [8] Undefined variable: data01 C:\wamp\www\gondan\24hours\Runtime\Cache\Admin\26b171401dbd5b60c808612bdab45468.php 第 100 行.
NOTIC: [8] Undefined variable: data01 C:\wamp\www\gondan\24hours\Runtime\Cache\Admin\26b171401dbd5b60c808612bdab45468.php 第 101 行.
NOTIC: [8] Undefined variable: data C:\wamp\www\gondan\24hours\Runtime\Cache\Admin\26b171401dbd5b60c808612bdab45468.php 第 105 行.
NOTIC: [8] Undefined variable: data C:\wamp\www\gondan\24hours\Runtime\Cache\Admin\26b171401dbd5b60c808612bdab45468.php 第 106 行.
NOTIC: [8] Undefined variable: data C:\wamp\www\gondan\24hours\Runtime\Cache\Admin\26b171401dbd5b60c808612bdab45468.php 第 107 行.
NOTIC: [8] Undefined variable: data C:\wamp\www\gondan\24hours\Runtime\Cache\Admin\26b171401dbd5b60c808612bdab45468.php 第 108 行.
NOTIC: [8] Undefined variable: data02 C:\wamp\www\gondan\24hours\Runtime\Cache\Admin\26b171401dbd5b60c808612bdab45468.php 第 112 行.
NOTIC: [8] Undefined variable: data03 C:\wamp\www\gondan\24hours\Runtime\Cache\Admin\26b171401dbd5b60c808612bdab45468.php 第 113 行.
NOTIC: [8] Undefined variable: data C:\wamp\www\gondan\24hours\Runtime\Cache\Admin\26b171401dbd5b60c808612bdab45468.php 第 120 行.
NOTIC: [8] Undefined variable: data C:\wamp\www\gondan\24hours\Runtime\Cache\Admin\26b171401dbd5b60c808612bdab45468.php 第 121 行.
NOTIC: [8] Undefined variable: data C:\wamp\www\gondan\24hours\Runtime\Cache\Admin\26b171401dbd5b60c808612bdab45468.php 第 122 行.
INFO: Run Behavior\ParseTemplateBehavior [ RunTime:0.013969s ]
INFO: [ view_parse ] --END-- [ RunTime:0.014091s ]
INFO: [ view_filter ] --START--
INFO: Run Behavior\WriteHtmlCacheBehavior [ RunTime:0.000229s ]
INFO: [ view_filter ] --END-- [ RunTime:0.000304s ]
INFO: [ app_end ] --START--
INFO: Run Behavior\ShowPageTraceBehavior [ RunTime:0.000403s ]
INFO: [ app_end ] --END-- [ RunTime:0.000495s ]

[ 2015-11-09T17:51:15+08:00 ] 127.0.0.1 /gondan/index.php/Admin/client.html
INFO: [ app_init ] --START--
INFO: Run Behavior\BuildLiteBehavior [ RunTime:0.000020s ]
INFO: [ app_init ] --END-- [ RunTime:0.000300s ]
INFO: [ app_begin ] --START--
INFO: Run Behavior\ReadHtmlCacheBehavior [ RunTime:0.000407s ]
INFO: [ app_begin ] --END-- [ RunTime:0.000497s ]
NOTIC: [8] A session had already been started - ignoring session_start() C:\wamp\www\gondan\24hours\Admin\Controller\CommonController.class.php 第 11 行.
SQL: SHOW COLUMNS FROM `sz24hours_user` [ RunTime:0.0013s ]
SQL: SELECT * FROM `sz24hours_user` WHERE ( userid='admin' ) LIMIT 1   [ RunTime:0.0002s ]
SQL: SHOW COLUMNS FROM `sz24hours_status` [ RunTime:0.0013s ]
SQL: SELECT * FROM `sz24hours_status` ORDER BY time desc  [ RunTime:0.0001s ]
SQL: SHOW COLUMNS FROM `sz24hours_service` [ RunTime:0.0012s ]
SQL: SELECT * FROM `sz24hours_service` ORDER BY time desc  [ RunTime:0.0001s ]
INFO: [ view_parse ] --START--
INFO: [ template_filter ] --START--
INFO: Run Behavior\ContentReplaceBehavior [ RunTime:0.000076s ]
INFO: [ template_filter ] --END-- [ RunTime:0.000161s ]
NOTIC: [8] Undefined index: limits C:\wamp\www\gondan\24hours\Runtime\Cache\Admin\09b129dc84cbfaa9447dd651ab331a72.php 第 78 行.
NOTIC: [8] Undefined index: limits C:\wamp\www\gondan\24hours\Runtime\Cache\Admin\09b129dc84cbfaa9447dd651ab331a72.php 第 82 行.
NOTIC: [8] Undefined variable: set C:\wamp\www\gondan\24hours\Runtime\Cache\Admin\09b129dc84cbfaa9447dd651ab331a72.php 第 109 行.
NOTIC: [8] Undefined index: kh_two02 C:\wamp\www\gondan\24hours\Runtime\Cache\Admin\09b129dc84cbfaa9447dd651ab331a72.php 第 114 行.
NOTIC: [8] Undefined index: kh_two03 C:\wamp\www\gondan\24hours\Runtime\Cache\Admin\09b129dc84cbfaa9447dd651ab331a72.php 第 115 行.
NOTIC: [8] Undefined index: sh_one C:\wamp\www\gondan\24hours\Runtime\Cache\Admin\09b129dc84cbfaa9447dd651ab331a72.php 第 119 行.
NOTIC: [8] Undefined index: sh_block C:\wamp\www\gondan\24hours\Runtime\Cache\Admin\09b129dc84cbfaa9447dd651ab331a72.php 第 120 行.
NOTIC: [8] Undefined index: sh_two01 C:\wamp\www\gondan\24hours\Runtime\Cache\Admin\09b129dc84cbfaa9447dd651ab331a72.php 第 121 行.
NOTIC: [8] Undefined index: sh_two02 C:\wamp\www\gondan\24hours\Runtime\Cache\Admin\09b129dc84cbfaa9447dd651ab331a72.php 第 122 行.
NOTIC: [8] Undefined index: sh_two01 C:\wamp\www\gondan\24hours\Runtime\Cache\Admin\09b129dc84cbfaa9447dd651ab331a72.php 第 126 行.
NOTIC: [8] Undefined variable: data03 C:\wamp\www\gondan\24hours\Runtime\Cache\Admin\09b129dc84cbfaa9447dd651ab331a72.php 第 127 行.
NOTIC: [8] Undefined index: case C:\wamp\www\gondan\24hours\Runtime\Cache\Admin\09b129dc84cbfaa9447dd651ab331a72.php 第 134 行.
NOTIC: [8] Undefined index: case C:\wamp\www\gondan\24hours\Runtime\Cache\Admin\09b129dc84cbfaa9447dd651ab331a72.php 第 135 行.
NOTIC: [8] Undefined index: case C:\wamp\www\gondan\24hours\Runtime\Cache\Admin\09b129dc84cbfaa9447dd651ab331a72.php 第 136 行.
NOTIC: [8] Undefined variable: ok C:\wamp\www\gondan\24hours\Runtime\Cache\Admin\09b129dc84cbfaa9447dd651ab331a72.php 第 207 行.
INFO: Run Behavior\ParseTemplateBehavior [ RunTime:0.016127s ]
INFO: [ view_parse ] --END-- [ RunTime:0.016217s ]
INFO: [ view_filter ] --START--
INFO: Run Behavior\WriteHtmlCacheBehavior [ RunTime:0.000233s ]
INFO: [ view_filter ] --END-- [ RunTime:0.000308s ]
INFO: [ app_end ] --START--
INFO: Run Behavior\ShowPageTraceBehavior [ RunTime:0.000366s ]
INFO: [ app_end ] --END-- [ RunTime:0.000437s ]

[ 2015-11-09T17:51:16+08:00 ] 127.0.0.1 /gondan/index.php/Admin/office.html
INFO: [ app_init ] --START--
INFO: Run Behavior\BuildLiteBehavior [ RunTime:0.000017s ]
INFO: [ app_init ] --END-- [ RunTime:0.000274s ]
INFO: [ app_begin ] --START--
INFO: Run Behavior\ReadHtmlCacheBehavior [ RunTime:0.000327s ]
INFO: [ app_begin ] --END-- [ RunTime:0.000411s ]
NOTIC: [8] A session had already been started - ignoring session_start() C:\wamp\www\gondan\24hours\Admin\Controller\CommonController.class.php 第 11 行.
SQL: SHOW COLUMNS FROM `sz24hours_user` [ RunTime:0.0013s ]
SQL: SELECT * FROM `sz24hours_user` WHERE ( userid='admin' ) LIMIT 1   [ RunTime:0.0002s ]
SQL: SHOW COLUMNS FROM `sz24hours_time` [ RunTime:0.0011s ]
SQL: SELECT * FROM `sz24hours_time` LIMIT 1   [ RunTime:0.0001s ]
SQL: SELECT * FROM `sz24hours_time` LIMIT 1   [ RunTime:0.0001s ]
INFO: [ view_parse ] --START--
INFO: [ template_filter ] --START--
INFO: Run Behavior\ContentReplaceBehavior [ RunTime:0.000077s ]
INFO: [ template_filter ] --END-- [ RunTime:0.000162s ]
NOTIC: [8] Undefined variable: data C:\wamp\www\gondan\24hours\Runtime\Cache\Admin\0adcd0f8c1b68929d69f62a409b72635.php 第 67 行.
NOTIC: [8] Undefined variable: data C:\wamp\www\gondan\24hours\Runtime\Cache\Admin\0adcd0f8c1b68929d69f62a409b72635.php 第 71 行.
NOTIC: [8] Undefined variable: set C:\wamp\www\gondan\24hours\Runtime\Cache\Admin\0adcd0f8c1b68929d69f62a409b72635.php 第 98 行.
NOTIC: [8] Undefined variable: data01 C:\wamp\www\gondan\24hours\Runtime\Cache\Admin\0adcd0f8c1b68929d69f62a409b72635.php 第 100 行.
NOTIC: [8] Undefined variable: data01 C:\wamp\www\gondan\24hours\Runtime\Cache\Admin\0adcd0f8c1b68929d69f62a409b72635.php 第 101 行.
NOTIC: [8] Undefined variable: data01 C:\wamp\www\gondan\24hours\Runtime\Cache\Admin\0adcd0f8c1b68929d69f62a409b72635.php 第 102 行.
NOTIC: [8] Undefined variable: data01 C:\wamp\www\gondan\24hours\Runtime\Cache\Admin\0adcd0f8c1b68929d69f62a409b72635.php 第 103 行.
NOTIC: [8] Undefined variable: data01 C:\wamp\www\gondan\24hours\Runtime\Cache\Admin\0adcd0f8c1b68929d69f62a409b72635.php 第 104 行.
NOTIC: [8] Undefined variable: data C:\wamp\www\gondan\24hours\Runtime\Cache\Admin\0adcd0f8c1b68929d69f62a409b72635.php 第 108 行.
NOTIC: [8] Undefined variable: data C:\wamp\www\gondan\24hours\Runtime\Cache\Admin\0adcd0f8c1b68929d69f62a409b72635.php 第 109 行.
NOTIC: [8] Undefined variable: data C:\wamp\www\gondan\24hours\Runtime\Cache\Admin\0adcd0f8c1b68929d69f62a409b72635.php 第 110 行.
NOTIC: [8] Undefined variable: data C:\wamp\www\gondan\24hours\Runtime\Cache\Admin\0adcd0f8c1b68929d69f62a409b72635.php 第 111 行.
NOTIC: [8] Undefined variable: data03 C:\wamp\www\gondan\24hours\Runtime\Cache\Admin\0adcd0f8c1b68929d69f62a409b72635.php 第 116 行.
NOTIC: [8] Undefined variable: data C:\wamp\www\gondan\24hours\Runtime\Cache\Admin\0adcd0f8c1b68929d69f62a409b72635.php 第 123 行.
NOTIC: [8] Undefined variable: data C:\wamp\www\gondan\24hours\Runtime\Cache\Admin\0adcd0f8c1b68929d69f62a409b72635.php 第 124 行.
NOTIC: [8] Undefined variable: data C:\wamp\www\gondan\24hours\Runtime\Cache\Admin\0adcd0f8c1b68929d69f62a409b72635.php 第 125 行.
NOTIC: [8] Undefined variable: page C:\wamp\www\gondan\24hours\Runtime\Cache\Admin\0adcd0f8c1b68929d69f62a409b72635.php 第 187 行.
NOTIC: [8] Undefined variable: ok C:\wamp\www\gondan\24hours\Runtime\Cache\Admin\0adcd0f8c1b68929d69f62a409b72635.php 第 193 行.
INFO: Run Behavior\ParseTemplateBehavior [ RunTime:0.016121s ]
INFO: [ view_parse ] --END-- [ RunTime:0.016202s ]
INFO: [ view_filter ] --START--
INFO: Run Behavior\WriteHtmlCacheBehavior [ RunTime:0.000184s ]
INFO: [ view_filter ] --END-- [ RunTime:0.000250s ]
INFO: [ app_end ] --START--
INFO: Run Behavior\ShowPageTraceBehavior [ RunTime:0.000325s ]
INFO: [ app_end ] --END-- [ RunTime:0.000395s ]

[ 2015-11-09T17:51:17+08:00 ] 127.0.0.1 /gondan/index.php/Client/messages/case/zhong.html
INFO: [ app_init ] --START--
INFO: Run Behavior\BuildLiteBehavior [ RunTime:0.000017s ]
INFO: [ app_init ] --END-- [ RunTime:0.000274s ]
INFO: [ app_begin ] --START--
INFO: Run Behavior\ReadHtmlCacheBehavior [ RunTime:0.000324s ]
INFO: [ app_begin ] --END-- [ RunTime:0.000407s ]
NOTIC: [8] A session had already been started - ignoring session_start() C:\wamp\www\gondan\24hours\Admin\Controller\CommonController.class.php 第 11 行.
SQL: SHOW COLUMNS FROM `sz24hours_user` [ RunTime:0.0012s ]
SQL: SELECT * FROM `sz24hours_user` WHERE ( userid='admin' ) LIMIT 1   [ RunTime:0.0002s ]
SQL: SHOW COLUMNS FROM `sz24hours_time` [ RunTime:0.0011s ]
SQL: SELECT * FROM `sz24hours_time` LIMIT 1   [ RunTime:0.0001s ]
NOTIC: [8] Undefined variable: where C:\wamp\www\gondan\24hours\Admin\Controller\ClientController.class.php 第 221 行.
SQL: SHOW COLUMNS FROM `sz24hours_work` [ RunTime:0.0013s ]
SQL: SELECT * FROM `sz24hours_work` WHERE ( wc_sataus='2'  ) ORDER BY puddate asc  [ RunTime:0.0002s ]
NOTIC: [8] Undefined offset: 0 C:\wamp\www\gondan\24hours\Admin\Controller\ClientController.class.php 第 234 行.
SQL: SHOW COLUMNS FROM `sz24hours_work` [ RunTime:0.0011s ]
SQL: SELECT u.id u_id,u.uname u_uname,u.email u_email,u.url u_url,u.phone u_phone,w.id w_id,w.title w_title,w.issue w_issue,w.sc_file w_sc_file,w.puddate w_puddate,w.wc_sataus,s.id s_id,s.email s_email,s.uname s_uname,s.phone s_phone FROM sz24hours_work as w LEFT JOIN sz24hours_user as u ON w.uid=u.id LEFT JOIN sz24hours_service as s ON u.sid=s.id  WHERE ( w.id='' ) LIMIT 1   [ RunTime:0.0003s ]
SQL: SHOW COLUMNS FROM `sz24hours_addwork` [ RunTime:0.0013s ]
SQL: SELECT u.uname,u.email,u.phone,u.url,u.limits,a.id,a.g_reply,a.repdate,a.pid,a.uid FROM sz24hours_addwork as a LEFT JOIN sz24hours_user as u ON a.uid=u.id  WHERE ( a.pid='' ) ORDER BY repdate asc  [ RunTime:0.0003s ]
INFO: [ view_parse ] --START--
INFO: [ template_filter ] --START--
INFO: Run Behavior\ContentReplaceBehavior [ RunTime:0.000104s ]
INFO: [ template_filter ] --END-- [ RunTime:0.000192s ]
NOTIC: [8] Undefined variable: set C:\wamp\www\gondan\24hours\Runtime\Cache\Admin\ced3e759a17a5225715f5c412b0f621c.php 第 108 行.
NOTIC: [8] Undefined variable: data01 C:\wamp\www\gondan\24hours\Runtime\Cache\Admin\ced3e759a17a5225715f5c412b0f621c.php 第 110 行.
NOTIC: [8] Undefined variable: data01 C:\wamp\www\gondan\24hours\Runtime\Cache\Admin\ced3e759a17a5225715f5c412b0f621c.php 第 111 行.
NOTIC: [8] Undefined variable: data01 C:\wamp\www\gondan\24hours\Runtime\Cache\Admin\ced3e759a17a5225715f5c412b0f621c.php 第 112 行.
NOTIC: [8] Undefined variable: data01 C:\wamp\www\gondan\24hours\Runtime\Cache\Admin\ced3e759a17a5225715f5c412b0f621c.php 第 113 行.
NOTIC: [8] Undefined variable: data01 C:\wamp\www\gondan\24hours\Runtime\Cache\Admin\ced3e759a17a5225715f5c412b0f621c.php 第 114 行.
NOTIC: [8] Undefined index: sh_one C:\wamp\www\gondan\24hours\Runtime\Cache\Admin\ced3e759a17a5225715f5c412b0f621c.php 第 118 行.
NOTIC: [8] Undefined index: sh_block C:\wamp\www\gondan\24hours\Runtime\Cache\Admin\ced3e759a17a5225715f5c412b0f621c.php 第 119 行.
NOTIC: [8] Undefined index: sh_two01 C:\wamp\www\gondan\24hours\Runtime\Cache\Admin\ced3e759a17a5225715f5c412b0f621c.php 第 120 行.
NOTIC: [8] Undefined index: sh_two02 C:\wamp\www\gondan\24hours\Runtime\Cache\Admin\ced3e759a17a5225715f5c412b0f621c.php 第 121 行.
NOTIC: [8] Undefined variable: data02 C:\wamp\www\gondan\24hours\Runtime\Cache\Admin\ced3e759a17a5225715f5c412b0f621c.php 第 125 行.
NOTIC: [8] Undefined variable: data03 C:\wamp\www\gondan\24hours\Runtime\Cache\Admin\ced3e759a17a5225715f5c412b0f621c.php 第 126 行.
INFO: Run Behavior\ParseTemplateBehavior [ RunTime:0.023326s ]
INFO: [ view_parse ] --END-- [ RunTime:0.023415s ]
INFO: [ view_filter ] --START--
INFO: Run Behavior\WriteHtmlCacheBehavior [ RunTime:0.000197s ]
INFO: [ view_filter ] --END-- [ RunTime:0.000263s ]
INFO: [ app_end ] --START--
INFO: Run Behavior\ShowPageTraceBehavior [ RunTime:0.000326s ]
INFO: [ app_end ] --END-- [ RunTime:0.000396s ]

[ 2015-11-09T17:51:18+08:00 ] 127.0.0.1 /gondan/index.php/Admin/config.html
INFO: [ app_init ] --START--
INFO: Run Behavior\BuildLiteBehavior [ RunTime:0.000018s ]
INFO: [ app_init ] --END-- [ RunTime:0.000315s ]
INFO: [ app_begin ] --START--
INFO: Run Behavior\ReadHtmlCacheBehavior [ RunTime:0.000393s ]
INFO: [ app_begin ] --END-- [ RunTime:0.000486s ]
NOTIC: [8] A session had already been started - ignoring session_start() C:\wamp\www\gondan\24hours\Admin\Controller\CommonController.class.php 第 11 行.
SQL: SHOW COLUMNS FROM `sz24hours_user` [ RunTime:0.0012s ]
SQL: SELECT * FROM `sz24hours_user` WHERE ( userid='admin' ) LIMIT 1   [ RunTime:0.0002s ]
SQL: SHOW COLUMNS FROM `sz24hours_config` [ RunTime:0.0013s ]
SQL: SELECT * FROM `sz24hours_config` LIMIT 1   [ RunTime:0.0001s ]
INFO: [ view_parse ] --START--
INFO: [ template_filter ] --START--
INFO: Run Behavior\ContentReplaceBehavior [ RunTime:0.000088s ]
INFO: [ template_filter ] --END-- [ RunTime:0.000178s ]
NOTIC: [8] Undefined variable: data C:\wamp\www\gondan\24hours\Runtime\Cache\Admin\91d317249757c2cb2280327d0eb15be2.php 第 67 行.
NOTIC: [8] Undefined variable: data C:\wamp\www\gondan\24hours\Runtime\Cache\Admin\91d317249757c2cb2280327d0eb15be2.php 第 71 行.
NOTIC: [8] Undefined variable: set C:\wamp\www\gondan\24hours\Runtime\Cache\Admin\91d317249757c2cb2280327d0eb15be2.php 第 98 行.
NOTIC: [8] Undefined variable: data01 C:\wamp\www\gondan\24hours\Runtime\Cache\Admin\91d317249757c2cb2280327d0eb15be2.php 第 100 行.
NOTIC: [8] Undefined variable: data01 C:\wamp\www\gondan\24hours\Runtime\Cache\Admin\91d317249757c2cb2280327d0eb15be2.php 第 101 行.
NOTIC: [8] Undefined variable: data01 C:\wamp\www\gondan\24hours\Runtime\Cache\Admin\91d317249757c2cb2280327d0eb15be2.php 第 102 行.
NOTIC: [8] Undefined variable: data01 C:\wamp\www\gondan\24hours\Runtime\Cache\Admin\91d317249757c2cb2280327d0eb15be2.php 第 103 行.
NOTIC: [8] Undefined variable: data01 C:\wamp\www\gondan\24hours\Runtime\Cache\Admin\91d317249757c2cb2280327d0eb15be2.php 第 104 行.
NOTIC: [8] Undefined variable: data C:\wamp\www\gondan\24hours\Runtime\Cache\Admin\91d317249757c2cb2280327d0eb15be2.php 第 108 行.
NOTIC: [8] Undefined variable: data C:\wamp\www\gondan\24hours\Runtime\Cache\Admin\91d317249757c2cb2280327d0eb15be2.php 第 109 行.
NOTIC: [8] Undefined variable: data C:\wamp\www\gondan\24hours\Runtime\Cache\Admin\91d317249757c2cb2280327d0eb15be2.php 第 110 行.
NOTIC: [8] Undefined variable: data C:\wamp\www\gondan\24hours\Runtime\Cache\Admin\91d317249757c2cb2280327d0eb15be2.php 第 111 行.
NOTIC: [8] Undefined variable: data02 C:\wamp\www\gondan\24hours\Runtime\Cache\Admin\91d317249757c2cb2280327d0eb15be2.php 第 115 行.
NOTIC: [8] Undefined variable: data C:\wamp\www\gondan\24hours\Runtime\Cache\Admin\91d317249757c2cb2280327d0eb15be2.php 第 123 行.
NOTIC: [8] Undefined variable: data C:\wamp\www\gondan\24hours\Runtime\Cache\Admin\91d317249757c2cb2280327d0eb15be2.php 第 124 行.
NOTIC: [8] Undefined variable: data C:\wamp\www\gondan\24hours\Runtime\Cache\Admin\91d317249757c2cb2280327d0eb15be2.php 第 125 行.
NOTIC: [8] Undefined variable: ok C:\wamp\www\gondan\24hours\Runtime\Cache\Admin\91d317249757c2cb2280327d0eb15be2.php 第 165 行.
INFO: Run Behavior\ParseTemplateBehavior [ RunTime:0.015383s ]
INFO: [ view_parse ] --END-- [ RunTime:0.015471s ]
INFO: [ view_filter ] --START--
INFO: Run Behavior\WriteHtmlCacheBehavior [ RunTime:0.000229s ]
INFO: [ view_filter ] --END-- [ RunTime:0.000301s ]
INFO: [ app_end ] --START--
INFO: Run Behavior\ShowPageTraceBehavior [ RunTime:0.000372s ]
INFO: [ app_end ] --END-- [ RunTime:0.000444s ]

[ 2015-11-09T17:51:19+08:00 ] 127.0.0.1 /gondan/index.php/Admin/office.html
INFO: [ app_init ] --START--
INFO: Run Behavior\BuildLiteBehavior [ RunTime:0.000018s ]
INFO: [ app_init ] --END-- [ RunTime:0.000267s ]
INFO: [ app_begin ] --START--
INFO: Run Behavior\ReadHtmlCacheBehavior [ RunTime:0.000339s ]
INFO: [ app_begin ] --END-- [ RunTime:0.000425s ]
NOTIC: [8] A session had already been started - ignoring session_start() C:\wamp\www\gondan\24hours\Admin\Controller\CommonController.class.php 第 11 行.
SQL: SHOW COLUMNS FROM `sz24hours_user` [ RunTime:0.0012s ]
SQL: SELECT * FROM `sz24hours_user` WHERE ( userid='admin' ) LIMIT 1   [ RunTime:0.0002s ]
SQL: SHOW COLUMNS FROM `sz24hours_time` [ RunTime:0.0011s ]
SQL: SELECT * FROM `sz24hours_time` LIMIT 1   [ RunTime:0.0002s ]
SQL: SELECT * FROM `sz24hours_time` LIMIT 1   [ RunTime:0.0001s ]
INFO: [ view_parse ] --START--
INFO: [ template_filter ] --START--
INFO: Run Behavior\ContentReplaceBehavior [ RunTime:0.000077s ]
INFO: [ template_filter ] --END-- [ RunTime:0.000165s ]
NOTIC: [8] Undefined variable: data C:\wamp\www\gondan\24hours\Runtime\Cache\Admin\0adcd0f8c1b68929d69f62a409b72635.php 第 67 行.
NOTIC: [8] Undefined variable: data C:\wamp\www\gondan\24hours\Runtime\Cache\Admin\0adcd0f8c1b68929d69f62a409b72635.php 第 71 行.
NOTIC: [8] Undefined variable: set C:\wamp\www\gondan\24hours\Runtime\Cache\Admin\0adcd0f8c1b68929d69f62a409b72635.php 第 98 行.
NOTIC: [8] Undefined variable: data01 C:\wamp\www\gondan\24hours\Runtime\Cache\Admin\0adcd0f8c1b68929d69f62a409b72635.php 第 100 行.
NOTIC: [8] Undefined variable: data01 C:\wamp\www\gondan\24hours\Runtime\Cache\Admin\0adcd0f8c1b68929d69f62a409b72635.php 第 101 行.
NOTIC: [8] Undefined variable: data01 C:\wamp\www\gondan\24hours\Runtime\Cache\Admin\0adcd0f8c1b68929d69f62a409b72635.php 第 102 行.
NOTIC: [8] Undefined variable: data01 C:\wamp\www\gondan\24hours\Runtime\Cache\Admin\0adcd0f8c1b68929d69f62a409b72635.php 第 103 行.
NOTIC: [8] Undefined variable: data01 C:\wamp\www\gondan\24hours\Runtime\Cache\Admin\0adcd0f8c1b68929d69f62a409b72635.php 第 104 行.
NOTIC: [8] Undefined variable: data C:\wamp\www\gondan\24hours\Runtime\Cache\Admin\0adcd0f8c1b68929d69f62a409b72635.php 第 108 行.
NOTIC: [8] Undefined variable: data C:\wamp\www\gondan\24hours\Runtime\Cache\Admin\0adcd0f8c1b68929d69f62a409b72635.php 第 109 行.
NOTIC: [8] Undefined variable: data C:\wamp\www\gondan\24hours\Runtime\Cache\Admin\0adcd0f8c1b68929d69f62a409b72635.php 第 110 行.
NOTIC: [8] Undefined variable: data C:\wamp\www\gondan\24hours\Runtime\Cache\Admin\0adcd0f8c1b68929d69f62a409b72635.php 第 111 行.
NOTIC: [8] Undefined variable: data03 C:\wamp\www\gondan\24hours\Runtime\Cache\Admin\0adcd0f8c1b68929d69f62a409b72635.php 第 116 行.
NOTIC: [8] Undefined variable: data C:\wamp\www\gondan\24hours\Runtime\Cache\Admin\0adcd0f8c1b68929d69f62a409b72635.php 第 123 行.
NOTIC: [8] Undefined variable: data C:\wamp\www\gondan\24hours\Runtime\Cache\Admin\0adcd0f8c1b68929d69f62a409b72635.php 第 124 行.
NOTIC: [8] Undefined variable: data C:\wamp\www\gondan\24hours\Runtime\Cache\Admin\0adcd0f8c1b68929d69f62a409b72635.php 第 125 行.
NOTIC: [8] Undefined variable: page C:\wamp\www\gondan\24hours\Runtime\Cache\Admin\0adcd0f8c1b68929d69f62a409b72635.php 第 187 行.
NOTIC: [8] Undefined variable: ok C:\wamp\www\gondan\24hours\Runtime\Cache\Admin\0adcd0f8c1b68929d69f62a409b72635.php 第 193 行.
INFO: Run Behavior\ParseTemplateBehavior [ RunTime:0.016294s ]
INFO: [ view_parse ] --END-- [ RunTime:0.016375s ]
INFO: [ view_filter ] --START--
INFO: Run Behavior\WriteHtmlCacheBehavior [ RunTime:0.000201s ]
INFO: [ view_filter ] --END-- [ RunTime:0.000270s ]
INFO: [ app_end ] --START--
INFO: Run Behavior\ShowPageTraceBehavior [ RunTime:0.000329s ]
INFO: [ app_end ] --END-- [ RunTime:0.000397s ]

[ 2015-11-09T17:51:20+08:00 ] 127.0.0.1 /gondan/index.php/Admin/config.html
INFO: [ app_init ] --START--
INFO: Run Behavior\BuildLiteBehavior [ RunTime:0.000017s ]
INFO: [ app_init ] --END-- [ RunTime:0.000265s ]
INFO: [ app_begin ] --START--
INFO: Run Behavior\ReadHtmlCacheBehavior [ RunTime:0.000361s ]
INFO: [ app_begin ] --END-- [ RunTime:0.000452s ]
NOTIC: [8] A session had already been started - ignoring session_start() C:\wamp\www\gondan\24hours\Admin\Controller\CommonController.class.php 第 11 行.
SQL: SHOW COLUMNS FROM `sz24hours_user` [ RunTime:0.0014s ]
SQL: SELECT * FROM `sz24hours_user` WHERE ( userid='admin' ) LIMIT 1   [ RunTime:0.0002s ]
SQL: SHOW COLUMNS FROM `sz24hours_config` [ RunTime:0.0012s ]
SQL: SELECT * FROM `sz24hours_config` LIMIT 1   [ RunTime:0.0001s ]
INFO: [ view_parse ] --START--
INFO: [ template_filter ] --START--
INFO: Run Behavior\ContentReplaceBehavior [ RunTime:0.000085s ]
INFO: [ template_filter ] --END-- [ RunTime:0.000171s ]
NOTIC: [8] Undefined variable: data C:\wamp\www\gondan\24hours\Runtime\Cache\Admin\91d317249757c2cb2280327d0eb15be2.php 第 67 行.
NOTIC: [8] Undefined variable: data C:\wamp\www\gondan\24hours\Runtime\Cache\Admin\91d317249757c2cb2280327d0eb15be2.php 第 71 行.
NOTIC: [8] Undefined variable: set C:\wamp\www\gondan\24hours\Runtime\Cache\Admin\91d317249757c2cb2280327d0eb15be2.php 第 98 行.
NOTIC: [8] Undefined variable: data01 C:\wamp\www\gondan\24hours\Runtime\Cache\Admin\91d317249757c2cb2280327d0eb15be2.php 第 100 行.
NOTIC: [8] Undefined variable: data01 C:\wamp\www\gondan\24hours\Runtime\Cache\Admin\91d317249757c2cb2280327d0eb15be2.php 第 101 行.
NOTIC: [8] Undefined variable: data01 C:\wamp\www\gondan\24hours\Runtime\Cache\Admin\91d317249757c2cb2280327d0eb15be2.php 第 102 行.
NOTIC: [8] Undefined variable: data01 C:\wamp\www\gondan\24hours\Runtime\Cache\Admin\91d317249757c2cb2280327d0eb15be2.php 第 103 行.
NOTIC: [8] Undefined variable: data01 C:\wamp\www\gondan\24hours\Runtime\Cache\Admin\91d317249757c2cb2280327d0eb15be2.php 第 104 行.
NOTIC: [8] Undefined variable: data C:\wamp\www\gondan\24hours\Runtime\Cache\Admin\91d317249757c2cb2280327d0eb15be2.php 第 108 行.
NOTIC: [8] Undefined variable: data C:\wamp\www\gondan\24hours\Runtime\Cache\Admin\91d317249757c2cb2280327d0eb15be2.php 第 109 行.
NOTIC: [8] Undefined variable: data C:\wamp\www\gondan\24hours\Runtime\Cache\Admin\91d317249757c2cb2280327d0eb15be2.php 第 110 行.
NOTIC: [8] Undefined variable: data C:\wamp\www\gondan\24hours\Runtime\Cache\Admin\91d317249757c2cb2280327d0eb15be2.php 第 111 行.
NOTIC: [8] Undefined variable: data02 C:\wamp\www\gondan\24hours\Runtime\Cache\Admin\91d317249757c2cb2280327d0eb15be2.php 第 115 行.
NOTIC: [8] Undefined variable: data C:\wamp\www\gondan\24hours\Runtime\Cache\Admin\91d317249757c2cb2280327d0eb15be2.php 第 123 行.
NOTIC: [8] Undefined variable: data C:\wamp\www\gondan\24hours\Runtime\Cache\Admin\91d317249757c2cb2280327d0eb15be2.php 第 124 行.
NOTIC: [8] Undefined variable: data C:\wamp\www\gondan\24hours\Runtime\Cache\Admin\91d317249757c2cb2280327d0eb15be2.php 第 125 行.
NOTIC: [8] Undefined variable: ok C:\wamp\www\gondan\24hours\Runtime\Cache\Admin\91d317249757c2cb2280327d0eb15be2.php 第 165 行.
INFO: Run Behavior\ParseTemplateBehavior [ RunTime:0.014971s ]
INFO: [ view_parse ] --END-- [ RunTime:0.015057s ]
INFO: [ view_filter ] --START--
INFO: Run Behavior\WriteHtmlCacheBehavior [ RunTime:0.000214s ]
INFO: [ view_filter ] --END-- [ RunTime:0.000287s ]
INFO: [ app_end ] --START--
INFO: Run Behavior\ShowPageTraceBehavior [ RunTime:0.000353s ]
INFO: [ app_end ] --END-- [ RunTime:0.000434s ]

[ 2015-11-09T17:57:02+08:00 ] 127.0.0.1 /ticket_system/
INFO: [ app_init ] --START--
INFO: Run Behavior\BuildLiteBehavior [ RunTime:0.000016s ]
INFO: [ app_init ] --END-- [ RunTime:0.000287s ]
INFO: [ app_begin ] --START--
INFO: Run Behavior\ReadHtmlCacheBehavior [ RunTime:0.000439s ]
INFO: [ app_begin ] --END-- [ RunTime:0.000530s ]
SQL: SHOW COLUMNS FROM `sz24hours_time` [ RunTime:0.0015s ]
SQL: SELECT * FROM `sz24hours_time` LIMIT 1   [ RunTime:0.0003s ]
NOTIC: [8] A session had already been started - ignoring session_start() C:\wamp\www\ticket_system\24hours\Admin\Controller\IndexController.class.php 第 10 行.
INFO: [ view_parse ] --START--
INFO: [ template_filter ] --START--
INFO: Run Behavior\ContentReplaceBehavior [ RunTime:0.000053s ]
INFO: [ template_filter ] --END-- [ RunTime:0.000143s ]
INFO: Run Behavior\ParseTemplateBehavior [ RunTime:0.005451s ]
INFO: [ view_parse ] --END-- [ RunTime:0.005547s ]
INFO: [ view_filter ] --START--
INFO: Run Behavior\WriteHtmlCacheBehavior [ RunTime:0.000295s ]
INFO: [ view_filter ] --END-- [ RunTime:0.000373s ]
INFO: [ app_end ] --START--
INFO: Run Behavior\ShowPageTraceBehavior [ RunTime:0.000430s ]
INFO: [ app_end ] --END-- [ RunTime:0.000502s ]

