[ 2016-05-23T16:58:40+08:00 ] 119.36.25.45 /
INFO: [ app_init ] --START--
INFO: Run Behavior\BuildLiteBehavior [ RunTime:0.000000s ]
INFO: [ app_init ] --END-- [ RunTime:0.003000s ]
INFO: [ app_begin ] --START--
INFO: Run Behavior\ReadHtmlCacheBehavior [ RunTime:0.004000s ]
INFO: [ app_begin ] --END-- [ RunTime:0.004000s ]
SQL: SHOW COLUMNS FROM `heirui24hours_time` [ RunTime:0.0090s ]
SQL: SELECT * FROM `heirui24hours_time` LIMIT 1   [ RunTime:0.0010s ]
NOTIC: [8] A session had already been started - ignoring session_start() E:\wwwroot\test\wwwroot\heiruicn\Admin\Controller\IndexController.class.php 第 10 行.
INFO: [ view_parse ] --START--
INFO: [ template_filter ] --START--
INFO: Run Behavior\ContentReplaceBehavior [ RunTime:0.000000s ]
INFO: [ template_filter ] --END-- [ RunTime:0.000000s ]
INFO: Run Behavior\ParseTemplateBehavior [ RunTime:0.041002s ]
INFO: [ view_parse ] --END-- [ RunTime:0.042002s ]
INFO: [ view_filter ] --START--
INFO: Run Behavior\WriteHtmlCacheBehavior [ RunTime:0.003001s ]
INFO: [ view_filter ] --END-- [ RunTime:0.003001s ]
INFO: [ app_end ] --START--
INFO: Run Behavior\ShowPageTraceBehavior [ RunTime:0.004000s ]
INFO: [ app_end ] --END-- [ RunTime:0.004000s ]

[ 2016-05-23T16:58:47+08:00 ] 119.36.25.45 /
INFO: [ app_init ] --START--
INFO: Run Behavior\BuildLiteBehavior [ RunTime:0.000000s ]
INFO: [ app_init ] --END-- [ RunTime:0.000000s ]
INFO: [ app_begin ] --START--
INFO: Run Behavior\ReadHtmlCacheBehavior [ RunTime:0.000000s ]
INFO: [ app_begin ] --END-- [ RunTime:0.000000s ]
SQL: SHOW COLUMNS FROM `heirui24hours_time` [ RunTime:0.0000s ]
SQL: SELECT * FROM `heirui24hours_time` LIMIT 1   [ RunTime:0.0000s ]
NOTIC: [8] A session had already been started - ignoring session_start() E:\wwwroot\test\wwwroot\heiruicn\Admin\Controller\IndexController.class.php 第 10 行.
INFO: [ view_parse ] --START--
INFO: [ template_filter ] --START--
INFO: Run Behavior\ContentReplaceBehavior [ RunTime:0.000000s ]
INFO: [ template_filter ] --END-- [ RunTime:0.000000s ]
INFO: Run Behavior\ParseTemplateBehavior [ RunTime:0.000000s ]
INFO: [ view_parse ] --END-- [ RunTime:0.000000s ]
INFO: [ view_filter ] --START--
INFO: Run Behavior\WriteHtmlCacheBehavior [ RunTime:0.000000s ]
INFO: [ view_filter ] --END-- [ RunTime:0.000000s ]
INFO: [ app_end ] --START--
INFO: Run Behavior\ShowPageTraceBehavior [ RunTime:0.000000s ]
INFO: [ app_end ] --END-- [ RunTime:0.000000s ]

[ 2016-05-23T16:58:57+08:00 ] 119.36.25.45 /
INFO: [ app_init ] --START--
INFO: Run Behavior\BuildLiteBehavior [ RunTime:0.000000s ]
INFO: [ app_init ] --END-- [ RunTime:0.001000s ]
INFO: [ app_begin ] --START--
INFO: Run Behavior\ReadHtmlCacheBehavior [ RunTime:0.000000s ]
INFO: [ app_begin ] --END-- [ RunTime:0.000000s ]
SQL: SHOW COLUMNS FROM `heirui24hours_time` [ RunTime:0.0000s ]
SQL: SELECT * FROM `heirui24hours_time` LIMIT 1   [ RunTime:0.0000s ]
NOTIC: [8] A session had already been started - ignoring session_start() E:\wwwroot\test\wwwroot\heiruicn\Admin\Controller\IndexController.class.php 第 10 行.
SQL: SHOW COLUMNS FROM `heirui24hours_user` [ RunTime:0.0000s ]
SQL: SELECT * FROM `heirui24hours_user` WHERE ( (userid='admin' or email='admin' or phone='admin') AND pwd='21232f297a57a5a743894a0e4a801fc3' ) LIMIT 1   [ RunTime:0.0000s ]

[ 2016-05-23T16:58:57+08:00 ] 119.36.25.45 /index.php/Console/dashboard.html
INFO: [ app_init ] --START--
INFO: Run Behavior\BuildLiteBehavior [ RunTime:0.000000s ]
INFO: [ app_init ] --END-- [ RunTime:0.000000s ]
INFO: [ app_begin ] --START--
INFO: Run Behavior\ReadHtmlCacheBehavior [ RunTime:0.000000s ]
INFO: [ app_begin ] --END-- [ RunTime:0.000000s ]
NOTIC: [8] A session had already been started - ignoring session_start() E:\wwwroot\test\wwwroot\heiruicn\Admin\Controller\CommonController.class.php 第 11 行.
SQL: SHOW COLUMNS FROM `heirui24hours_user` [ RunTime:0.0020s ]
SQL: SELECT * FROM `heirui24hours_user` WHERE ( userid='admin' ) LIMIT 1   [ RunTime:0.0000s ]
INFO: [ view_parse ] --START--
INFO: [ template_filter ] --START--
INFO: Run Behavior\ContentReplaceBehavior [ RunTime:0.000000s ]
INFO: [ template_filter ] --END-- [ RunTime:0.000000s ]
NOTIC: [8] Undefined variable: data E:\wwwroot\test\wwwroot\heiruicn\Runtime\Cache\Admin\397052fa43fc886620bb970cdb043e41.php 第 64 行.
NOTIC: [8] Undefined variable: data E:\wwwroot\test\wwwroot\heiruicn\Runtime\Cache\Admin\397052fa43fc886620bb970cdb043e41.php 第 68 行.
NOTIC: [8] Undefined variable: data01 E:\wwwroot\test\wwwroot\heiruicn\Runtime\Cache\Admin\397052fa43fc886620bb970cdb043e41.php 第 97 行.
NOTIC: [8] Undefined variable: data01 E:\wwwroot\test\wwwroot\heiruicn\Runtime\Cache\Admin\397052fa43fc886620bb970cdb043e41.php 第 98 行.
NOTIC: [8] Undefined variable: data01 E:\wwwroot\test\wwwroot\heiruicn\Runtime\Cache\Admin\397052fa43fc886620bb970cdb043e41.php 第 99 行.
NOTIC: [8] Undefined variable: data01 E:\wwwroot\test\wwwroot\heiruicn\Runtime\Cache\Admin\397052fa43fc886620bb970cdb043e41.php 第 100 行.
NOTIC: [8] Undefined variable: data01 E:\wwwroot\test\wwwroot\heiruicn\Runtime\Cache\Admin\397052fa43fc886620bb970cdb043e41.php 第 101 行.
NOTIC: [8] Undefined variable: data E:\wwwroot\test\wwwroot\heiruicn\Runtime\Cache\Admin\397052fa43fc886620bb970cdb043e41.php 第 105 行.
NOTIC: [8] Undefined variable: data E:\wwwroot\test\wwwroot\heiruicn\Runtime\Cache\Admin\397052fa43fc886620bb970cdb043e41.php 第 106 行.
NOTIC: [8] Undefined variable: data E:\wwwroot\test\wwwroot\heiruicn\Runtime\Cache\Admin\397052fa43fc886620bb970cdb043e41.php 第 107 行.
NOTIC: [8] Undefined variable: data E:\wwwroot\test\wwwroot\heiruicn\Runtime\Cache\Admin\397052fa43fc886620bb970cdb043e41.php 第 108 行.
NOTIC: [8] Undefined variable: data02 E:\wwwroot\test\wwwroot\heiruicn\Runtime\Cache\Admin\397052fa43fc886620bb970cdb043e41.php 第 112 行.
NOTIC: [8] Undefined variable: data03 E:\wwwroot\test\wwwroot\heiruicn\Runtime\Cache\Admin\397052fa43fc886620bb970cdb043e41.php 第 113 行.
NOTIC: [8] Undefined variable: data E:\wwwroot\test\wwwroot\heiruicn\Runtime\Cache\Admin\397052fa43fc886620bb970cdb043e41.php 第 120 行.
NOTIC: [8] Undefined variable: data E:\wwwroot\test\wwwroot\heiruicn\Runtime\Cache\Admin\397052fa43fc886620bb970cdb043e41.php 第 121 行.
NOTIC: [8] Undefined variable: data E:\wwwroot\test\wwwroot\heiruicn\Runtime\Cache\Admin\397052fa43fc886620bb970cdb043e41.php 第 122 行.
INFO: Run Behavior\ParseTemplateBehavior [ RunTime:0.015001s ]
INFO: [ view_parse ] --END-- [ RunTime:0.015001s ]
INFO: [ view_filter ] --START--
INFO: Run Behavior\WriteHtmlCacheBehavior [ RunTime:0.000000s ]
INFO: [ view_filter ] --END-- [ RunTime:0.000000s ]
INFO: [ app_end ] --START--
INFO: Run Behavior\ShowPageTraceBehavior [ RunTime:0.000000s ]
INFO: [ app_end ] --END-- [ RunTime:0.001000s ]

[ 2016-05-23T17:00:49+08:00 ] 119.36.25.45 /
INFO: [ app_init ] --START--
INFO: Run Behavior\BuildLiteBehavior [ RunTime:0.000000s ]
INFO: [ app_init ] --END-- [ RunTime:0.000000s ]
INFO: [ app_begin ] --START--
INFO: Run Behavior\ReadHtmlCacheBehavior [ RunTime:0.000000s ]
INFO: [ app_begin ] --END-- [ RunTime:0.000000s ]
SQL: SHOW COLUMNS FROM `heirui24hours_time` [ RunTime:0.0000s ]
SQL: SELECT * FROM `heirui24hours_time` LIMIT 1   [ RunTime:0.0000s ]
NOTIC: [8] A session had already been started - ignoring session_start() E:\wwwroot\test\wwwroot\heiruicn\Admin\Controller\IndexController.class.php 第 10 行.

[ 2016-05-23T17:00:49+08:00 ] 119.36.25.45 /index.php/Console/dashboard.html
INFO: [ app_init ] --START--
INFO: Run Behavior\BuildLiteBehavior [ RunTime:0.000000s ]
INFO: [ app_init ] --END-- [ RunTime:0.000000s ]
INFO: [ app_begin ] --START--
INFO: Run Behavior\ReadHtmlCacheBehavior [ RunTime:0.000000s ]
INFO: [ app_begin ] --END-- [ RunTime:0.000000s ]
NOTIC: [8] A session had already been started - ignoring session_start() E:\wwwroot\test\wwwroot\heiruicn\Admin\Controller\CommonController.class.php 第 11 行.
SQL: SHOW COLUMNS FROM `heirui24hours_user` [ RunTime:0.0000s ]
SQL: SELECT * FROM `heirui24hours_user` WHERE ( userid='admin' ) LIMIT 1   [ RunTime:0.0000s ]
INFO: [ view_parse ] --START--
INFO: [ template_filter ] --START--
INFO: Run Behavior\ContentReplaceBehavior [ RunTime:0.000000s ]
INFO: [ template_filter ] --END-- [ RunTime:0.000000s ]
NOTIC: [8] Undefined variable: data E:\wwwroot\test\wwwroot\heiruicn\Runtime\Cache\Admin\397052fa43fc886620bb970cdb043e41.php 第 64 行.
NOTIC: [8] Undefined variable: data E:\wwwroot\test\wwwroot\heiruicn\Runtime\Cache\Admin\397052fa43fc886620bb970cdb043e41.php 第 68 行.
NOTIC: [8] Undefined variable: data01 E:\wwwroot\test\wwwroot\heiruicn\Runtime\Cache\Admin\397052fa43fc886620bb970cdb043e41.php 第 97 行.
NOTIC: [8] Undefined variable: data01 E:\wwwroot\test\wwwroot\heiruicn\Runtime\Cache\Admin\397052fa43fc886620bb970cdb043e41.php 第 98 行.
NOTIC: [8] Undefined variable: data01 E:\wwwroot\test\wwwroot\heiruicn\Runtime\Cache\Admin\397052fa43fc886620bb970cdb043e41.php 第 99 行.
NOTIC: [8] Undefined variable: data01 E:\wwwroot\test\wwwroot\heiruicn\Runtime\Cache\Admin\397052fa43fc886620bb970cdb043e41.php 第 100 行.
NOTIC: [8] Undefined variable: data01 E:\wwwroot\test\wwwroot\heiruicn\Runtime\Cache\Admin\397052fa43fc886620bb970cdb043e41.php 第 101 行.
NOTIC: [8] Undefined variable: data E:\wwwroot\test\wwwroot\heiruicn\Runtime\Cache\Admin\397052fa43fc886620bb970cdb043e41.php 第 105 行.
NOTIC: [8] Undefined variable: data E:\wwwroot\test\wwwroot\heiruicn\Runtime\Cache\Admin\397052fa43fc886620bb970cdb043e41.php 第 106 行.
NOTIC: [8] Undefined variable: data E:\wwwroot\test\wwwroot\heiruicn\Runtime\Cache\Admin\397052fa43fc886620bb970cdb043e41.php 第 107 行.
NOTIC: [8] Undefined variable: data E:\wwwroot\test\wwwroot\heiruicn\Runtime\Cache\Admin\397052fa43fc886620bb970cdb043e41.php 第 108 行.
NOTIC: [8] Undefined variable: data02 E:\wwwroot\test\wwwroot\heiruicn\Runtime\Cache\Admin\397052fa43fc886620bb970cdb043e41.php 第 112 行.
NOTIC: [8] Undefined variable: data03 E:\wwwroot\test\wwwroot\heiruicn\Runtime\Cache\Admin\397052fa43fc886620bb970cdb043e41.php 第 113 行.
NOTIC: [8] Undefined variable: data E:\wwwroot\test\wwwroot\heiruicn\Runtime\Cache\Admin\397052fa43fc886620bb970cdb043e41.php 第 120 行.
NOTIC: [8] Undefined variable: data E:\wwwroot\test\wwwroot\heiruicn\Runtime\Cache\Admin\397052fa43fc886620bb970cdb043e41.php 第 121 行.
NOTIC: [8] Undefined variable: data E:\wwwroot\test\wwwroot\heiruicn\Runtime\Cache\Admin\397052fa43fc886620bb970cdb043e41.php 第 122 行.
INFO: Run Behavior\ParseTemplateBehavior [ RunTime:0.019601s ]
INFO: [ view_parse ] --END-- [ RunTime:0.019601s ]
INFO: [ view_filter ] --START--
INFO: Run Behavior\WriteHtmlCacheBehavior [ RunTime:0.000000s ]
INFO: [ view_filter ] --END-- [ RunTime:0.000000s ]
INFO: [ app_end ] --START--
INFO: Run Behavior\ShowPageTraceBehavior [ RunTime:0.001000s ]
INFO: [ app_end ] --END-- [ RunTime:0.001000s ]

[ 2016-05-23T17:05:45+08:00 ] 119.36.25.45 /
INFO: [ app_init ] --START--
INFO: Run Behavior\BuildLiteBehavior [ RunTime:0.000000s ]
INFO: [ app_init ] --END-- [ RunTime:0.003000s ]
INFO: [ app_begin ] --START--
INFO: Run Behavior\ReadHtmlCacheBehavior [ RunTime:0.003000s ]
INFO: [ app_begin ] --END-- [ RunTime:0.003000s ]
SQL: SHOW COLUMNS FROM `haoidcn_time` [ RunTime:0.0040s ]
SQL: SELECT * FROM `haoidcn_time` LIMIT 1   [ RunTime:0.0010s ]
NOTIC: [8] A session had already been started - ignoring session_start() E:\wwwroot\test\wwwroot\haoidcn\Admin\Controller\IndexController.class.php 第 10 行.

[ 2016-05-23T17:05:45+08:00 ] 119.36.25.45 /index.php/Console/dashboard.html
INFO: [ app_init ] --START--
INFO: Run Behavior\BuildLiteBehavior [ RunTime:0.000000s ]
INFO: [ app_init ] --END-- [ RunTime:0.000000s ]
INFO: [ app_begin ] --START--
INFO: Run Behavior\ReadHtmlCacheBehavior [ RunTime:0.000000s ]
INFO: [ app_begin ] --END-- [ RunTime:0.000000s ]
NOTIC: [8] A session had already been started - ignoring session_start() E:\wwwroot\test\wwwroot\haoidcn\Admin\Controller\CommonController.class.php 第 11 行.
SQL: SHOW COLUMNS FROM `haoidcn_user` [ RunTime:0.0030s ]
SQL: SELECT * FROM `haoidcn_user` WHERE ( userid='admin' ) LIMIT 1   [ RunTime:0.0010s ]
INFO: [ view_parse ] --START--
INFO: [ template_filter ] --START--
INFO: Run Behavior\ContentReplaceBehavior [ RunTime:0.001000s ]
INFO: [ template_filter ] --END-- [ RunTime:0.001000s ]
NOTIC: [8] Undefined variable: data E:\wwwroot\test\wwwroot\haoidcn\Runtime\Cache\Admin\1896c1cf806f2d66e648efcc3142bdb7.php 第 64 行.
NOTIC: [8] Undefined variable: data E:\wwwroot\test\wwwroot\haoidcn\Runtime\Cache\Admin\1896c1cf806f2d66e648efcc3142bdb7.php 第 68 行.
NOTIC: [8] Undefined variable: data01 E:\wwwroot\test\wwwroot\haoidcn\Runtime\Cache\Admin\1896c1cf806f2d66e648efcc3142bdb7.php 第 97 行.
NOTIC: [8] Undefined variable: data01 E:\wwwroot\test\wwwroot\haoidcn\Runtime\Cache\Admin\1896c1cf806f2d66e648efcc3142bdb7.php 第 98 行.
NOTIC: [8] Undefined variable: data01 E:\wwwroot\test\wwwroot\haoidcn\Runtime\Cache\Admin\1896c1cf806f2d66e648efcc3142bdb7.php 第 99 行.
NOTIC: [8] Undefined variable: data01 E:\wwwroot\test\wwwroot\haoidcn\Runtime\Cache\Admin\1896c1cf806f2d66e648efcc3142bdb7.php 第 100 行.
NOTIC: [8] Undefined variable: data01 E:\wwwroot\test\wwwroot\haoidcn\Runtime\Cache\Admin\1896c1cf806f2d66e648efcc3142bdb7.php 第 101 行.
NOTIC: [8] Undefined variable: data E:\wwwroot\test\wwwroot\haoidcn\Runtime\Cache\Admin\1896c1cf806f2d66e648efcc3142bdb7.php 第 105 行.
NOTIC: [8] Undefined variable: data E:\wwwroot\test\wwwroot\haoidcn\Runtime\Cache\Admin\1896c1cf806f2d66e648efcc3142bdb7.php 第 106 行.
NOTIC: [8] Undefined variable: data E:\wwwroot\test\wwwroot\haoidcn\Runtime\Cache\Admin\1896c1cf806f2d66e648efcc3142bdb7.php 第 107 行.
NOTIC: [8] Undefined variable: data E:\wwwroot\test\wwwroot\haoidcn\Runtime\Cache\Admin\1896c1cf806f2d66e648efcc3142bdb7.php 第 108 行.
NOTIC: [8] Undefined variable: data02 E:\wwwroot\test\wwwroot\haoidcn\Runtime\Cache\Admin\1896c1cf806f2d66e648efcc3142bdb7.php 第 112 行.
NOTIC: [8] Undefined variable: data03 E:\wwwroot\test\wwwroot\haoidcn\Runtime\Cache\Admin\1896c1cf806f2d66e648efcc3142bdb7.php 第 113 行.
NOTIC: [8] Undefined variable: data E:\wwwroot\test\wwwroot\haoidcn\Runtime\Cache\Admin\1896c1cf806f2d66e648efcc3142bdb7.php 第 120 行.
NOTIC: [8] Undefined variable: data E:\wwwroot\test\wwwroot\haoidcn\Runtime\Cache\Admin\1896c1cf806f2d66e648efcc3142bdb7.php 第 121 行.
NOTIC: [8] Undefined variable: data E:\wwwroot\test\wwwroot\haoidcn\Runtime\Cache\Admin\1896c1cf806f2d66e648efcc3142bdb7.php 第 122 行.
INFO: Run Behavior\ParseTemplateBehavior [ RunTime:0.048003s ]
INFO: [ view_parse ] --END-- [ RunTime:0.048003s ]
INFO: [ view_filter ] --START--
INFO: Run Behavior\WriteHtmlCacheBehavior [ RunTime:0.003000s ]
INFO: [ view_filter ] --END-- [ RunTime:0.003000s ]
INFO: [ app_end ] --START--
INFO: Run Behavior\ShowPageTraceBehavior [ RunTime:0.004001s ]
INFO: [ app_end ] --END-- [ RunTime:0.004001s ]

[ 2016-05-23T17:09:51+08:00 ] 119.36.25.45 /index.php/Console/dashboard.html
INFO: [ app_init ] --START--
INFO: Run Behavior\BuildLiteBehavior [ RunTime:0.000000s ]
INFO: [ app_init ] --END-- [ RunTime:0.003000s ]
INFO: [ app_begin ] --START--
INFO: Run Behavior\ReadHtmlCacheBehavior [ RunTime:0.004000s ]
INFO: [ app_begin ] --END-- [ RunTime:0.004000s ]
NOTIC: [8] A session had already been started - ignoring session_start() E:\wwwroot\test\wwwroot\haoidcn\Admin\Controller\CommonController.class.php 第 11 行.
SQL: SHOW COLUMNS FROM `haoidcn_user` [ RunTime:0.0020s ]
SQL: SELECT * FROM `haoidcn_user` WHERE ( userid='admin' ) LIMIT 1   [ RunTime:0.0010s ]
INFO: [ view_parse ] --START--
INFO: [ template_filter ] --START--
INFO: Run Behavior\ContentReplaceBehavior [ RunTime:0.000000s ]
INFO: [ template_filter ] --END-- [ RunTime:0.000000s ]
NOTIC: [8] Undefined variable: data E:\wwwroot\test\wwwroot\haoidcn\Runtime\Cache\Admin\1896c1cf806f2d66e648efcc3142bdb7.php 第 64 行.
NOTIC: [8] Undefined variable: data E:\wwwroot\test\wwwroot\haoidcn\Runtime\Cache\Admin\1896c1cf806f2d66e648efcc3142bdb7.php 第 68 行.
NOTIC: [8] Undefined variable: data01 E:\wwwroot\test\wwwroot\haoidcn\Runtime\Cache\Admin\1896c1cf806f2d66e648efcc3142bdb7.php 第 97 行.
NOTIC: [8] Undefined variable: data01 E:\wwwroot\test\wwwroot\haoidcn\Runtime\Cache\Admin\1896c1cf806f2d66e648efcc3142bdb7.php 第 98 行.
NOTIC: [8] Undefined variable: data01 E:\wwwroot\test\wwwroot\haoidcn\Runtime\Cache\Admin\1896c1cf806f2d66e648efcc3142bdb7.php 第 99 行.
NOTIC: [8] Undefined variable: data01 E:\wwwroot\test\wwwroot\haoidcn\Runtime\Cache\Admin\1896c1cf806f2d66e648efcc3142bdb7.php 第 100 行.
NOTIC: [8] Undefined variable: data01 E:\wwwroot\test\wwwroot\haoidcn\Runtime\Cache\Admin\1896c1cf806f2d66e648efcc3142bdb7.php 第 101 行.
NOTIC: [8] Undefined variable: data E:\wwwroot\test\wwwroot\haoidcn\Runtime\Cache\Admin\1896c1cf806f2d66e648efcc3142bdb7.php 第 105 行.
NOTIC: [8] Undefined variable: data E:\wwwroot\test\wwwroot\haoidcn\Runtime\Cache\Admin\1896c1cf806f2d66e648efcc3142bdb7.php 第 106 行.
NOTIC: [8] Undefined variable: data E:\wwwroot\test\wwwroot\haoidcn\Runtime\Cache\Admin\1896c1cf806f2d66e648efcc3142bdb7.php 第 107 行.
NOTIC: [8] Undefined variable: data E:\wwwroot\test\wwwroot\haoidcn\Runtime\Cache\Admin\1896c1cf806f2d66e648efcc3142bdb7.php 第 108 行.
NOTIC: [8] Undefined variable: data02 E:\wwwroot\test\wwwroot\haoidcn\Runtime\Cache\Admin\1896c1cf806f2d66e648efcc3142bdb7.php 第 112 行.
NOTIC: [8] Undefined variable: data03 E:\wwwroot\test\wwwroot\haoidcn\Runtime\Cache\Admin\1896c1cf806f2d66e648efcc3142bdb7.php 第 113 行.
NOTIC: [8] Undefined variable: data E:\wwwroot\test\wwwroot\haoidcn\Runtime\Cache\Admin\1896c1cf806f2d66e648efcc3142bdb7.php 第 120 行.
NOTIC: [8] Undefined variable: data E:\wwwroot\test\wwwroot\haoidcn\Runtime\Cache\Admin\1896c1cf806f2d66e648efcc3142bdb7.php 第 121 行.
NOTIC: [8] Undefined variable: data E:\wwwroot\test\wwwroot\haoidcn\Runtime\Cache\Admin\1896c1cf806f2d66e648efcc3142bdb7.php 第 122 行.
INFO: Run Behavior\ParseTemplateBehavior [ RunTime:0.044003s ]
INFO: [ view_parse ] --END-- [ RunTime:0.044003s ]
INFO: [ view_filter ] --START--
INFO: Run Behavior\WriteHtmlCacheBehavior [ RunTime:0.003000s ]
INFO: [ view_filter ] --END-- [ RunTime:0.003000s ]
INFO: [ app_end ] --START--
INFO: Run Behavior\ShowPageTraceBehavior [ RunTime:0.003000s ]
INFO: [ app_end ] --END-- [ RunTime:0.004000s ]

[ 2016-05-23T17:09:59+08:00 ] 119.36.25.45 /index.php/Index/exit_t.html
INFO: [ app_init ] --START--
INFO: Run Behavior\BuildLiteBehavior [ RunTime:0.000000s ]
INFO: [ app_init ] --END-- [ RunTime:0.000000s ]
INFO: [ app_begin ] --START--
INFO: Run Behavior\ReadHtmlCacheBehavior [ RunTime:0.000000s ]
INFO: [ app_begin ] --END-- [ RunTime:0.000000s ]
NOTIC: [8] A session had already been started - ignoring session_start() E:\wwwroot\test\wwwroot\haoidcn\Admin\Controller\IndexController.class.php 第 59 行.

[ 2016-05-23T17:09:59+08:00 ] 119.36.25.45 /index.php/Index/index.html
INFO: [ app_init ] --START--
INFO: Run Behavior\BuildLiteBehavior [ RunTime:0.000000s ]
INFO: [ app_init ] --END-- [ RunTime:0.000000s ]
INFO: [ app_begin ] --START--
INFO: Run Behavior\ReadHtmlCacheBehavior [ RunTime:0.000000s ]
INFO: [ app_begin ] --END-- [ RunTime:0.000000s ]
SQL: SHOW COLUMNS FROM `haoidcn_time` [ RunTime:0.0020s ]
SQL: SELECT * FROM `haoidcn_time` LIMIT 1   [ RunTime:0.0000s ]
NOTIC: [8] A session had already been started - ignoring session_start() E:\wwwroot\test\wwwroot\haoidcn\Admin\Controller\IndexController.class.php 第 10 行.
INFO: [ view_parse ] --START--
INFO: [ template_filter ] --START--
INFO: Run Behavior\ContentReplaceBehavior [ RunTime:0.000000s ]
INFO: [ template_filter ] --END-- [ RunTime:0.000000s ]
INFO: Run Behavior\ParseTemplateBehavior [ RunTime:0.004000s ]
INFO: [ view_parse ] --END-- [ RunTime:0.004000s ]
INFO: [ view_filter ] --START--
INFO: Run Behavior\WriteHtmlCacheBehavior [ RunTime:0.000000s ]
INFO: [ view_filter ] --END-- [ RunTime:0.000000s ]
INFO: [ app_end ] --START--
INFO: Run Behavior\ShowPageTraceBehavior [ RunTime:0.000000s ]
INFO: [ app_end ] --END-- [ RunTime:0.000000s ]

[ 2016-05-23T17:10:06+08:00 ] 119.36.25.45 /
INFO: [ app_init ] --START--
INFO: Run Behavior\BuildLiteBehavior [ RunTime:0.000000s ]
INFO: [ app_init ] --END-- [ RunTime:0.000000s ]
INFO: [ app_begin ] --START--
INFO: Run Behavior\ReadHtmlCacheBehavior [ RunTime:0.000000s ]
INFO: [ app_begin ] --END-- [ RunTime:0.000000s ]
SQL: SHOW COLUMNS FROM `haoidcn_time` [ RunTime:0.0020s ]
SQL: SELECT * FROM `haoidcn_time` LIMIT 1   [ RunTime:0.0010s ]
NOTIC: [8] A session had already been started - ignoring session_start() E:\wwwroot\test\wwwroot\haoidcn\Admin\Controller\IndexController.class.php 第 10 行.
INFO: [ view_parse ] --START--
INFO: [ template_filter ] --START--
INFO: Run Behavior\ContentReplaceBehavior [ RunTime:0.000000s ]
INFO: [ template_filter ] --END-- [ RunTime:0.000000s ]
INFO: Run Behavior\ParseTemplateBehavior [ RunTime:0.004001s ]
INFO: [ view_parse ] --END-- [ RunTime:0.005001s ]
INFO: [ view_filter ] --START--
INFO: Run Behavior\WriteHtmlCacheBehavior [ RunTime:0.000000s ]
INFO: [ view_filter ] --END-- [ RunTime:0.000000s ]
INFO: [ app_end ] --START--
INFO: Run Behavior\ShowPageTraceBehavior [ RunTime:0.000000s ]
INFO: [ app_end ] --END-- [ RunTime:0.000000s ]

[ 2016-05-23T17:10:24+08:00 ] 119.36.25.45 /
INFO: [ app_init ] --START--
INFO: Run Behavior\BuildLiteBehavior [ RunTime:0.000000s ]
INFO: [ app_init ] --END-- [ RunTime:0.000000s ]
INFO: [ app_begin ] --START--
INFO: Run Behavior\ReadHtmlCacheBehavior [ RunTime:0.000000s ]
INFO: [ app_begin ] --END-- [ RunTime:0.000000s ]
SQL: SHOW COLUMNS FROM `haoidcn_time` [ RunTime:0.0000s ]
SQL: SELECT * FROM `haoidcn_time` LIMIT 1   [ RunTime:0.0000s ]
NOTIC: [8] A session had already been started - ignoring session_start() E:\wwwroot\test\wwwroot\haoidcn\Admin\Controller\IndexController.class.php 第 10 行.
INFO: [ view_parse ] --START--
INFO: [ template_filter ] --START--
INFO: Run Behavior\ContentReplaceBehavior [ RunTime:0.000000s ]
INFO: [ template_filter ] --END-- [ RunTime:0.000000s ]
INFO: Run Behavior\ParseTemplateBehavior [ RunTime:0.000000s ]
INFO: [ view_parse ] --END-- [ RunTime:0.000000s ]
INFO: [ view_filter ] --START--
INFO: Run Behavior\WriteHtmlCacheBehavior [ RunTime:0.000000s ]
INFO: [ view_filter ] --END-- [ RunTime:0.000000s ]
INFO: [ app_end ] --START--
INFO: Run Behavior\ShowPageTraceBehavior [ RunTime:0.000000s ]
INFO: [ app_end ] --END-- [ RunTime:0.000000s ]

[ 2016-05-23T17:10:49+08:00 ] 119.36.25.45 /
INFO: [ app_init ] --START--
INFO: Run Behavior\BuildLiteBehavior [ RunTime:0.000000s ]
INFO: [ app_init ] --END-- [ RunTime:0.000000s ]
INFO: [ app_begin ] --START--
INFO: Run Behavior\ReadHtmlCacheBehavior [ RunTime:0.001000s ]
INFO: [ app_begin ] --END-- [ RunTime:0.001000s ]
SQL: SHOW COLUMNS FROM `haoidcn_time` [ RunTime:0.0020s ]
SQL: SELECT * FROM `haoidcn_time` LIMIT 1   [ RunTime:0.0000s ]
NOTIC: [8] A session had already been started - ignoring session_start() E:\wwwroot\test\wwwroot\haoidcn\Admin\Controller\IndexController.class.php 第 10 行.
SQL: SHOW COLUMNS FROM `haoidcn_user` [ RunTime:0.0020s ]
SQL: SELECT * FROM `haoidcn_user` WHERE ( (userid='admin' or email='admin' or phone='admin') AND pwd='21232f297a57a5a743894a0e4a801fc3' ) LIMIT 1   [ RunTime:0.0000s ]

[ 2016-05-23T17:10:49+08:00 ] 119.36.25.45 /index.php/Console/dashboard.html
INFO: [ app_init ] --START--
INFO: Run Behavior\BuildLiteBehavior [ RunTime:0.000000s ]
INFO: [ app_init ] --END-- [ RunTime:0.000000s ]
INFO: [ app_begin ] --START--
INFO: Run Behavior\ReadHtmlCacheBehavior [ RunTime:0.000000s ]
INFO: [ app_begin ] --END-- [ RunTime:0.000000s ]
NOTIC: [8] A session had already been started - ignoring session_start() E:\wwwroot\test\wwwroot\haoidcn\Admin\Controller\CommonController.class.php 第 11 行.
SQL: SHOW COLUMNS FROM `haoidcn_user` [ RunTime:0.0020s ]
SQL: SELECT * FROM `haoidcn_user` WHERE ( userid='admin' ) LIMIT 1   [ RunTime:0.0010s ]
INFO: [ view_parse ] --START--
INFO: [ template_filter ] --START--
INFO: Run Behavior\ContentReplaceBehavior [ RunTime:0.000000s ]
INFO: [ template_filter ] --END-- [ RunTime:0.000000s ]
NOTIC: [8] Undefined variable: data E:\wwwroot\test\wwwroot\haoidcn\Runtime\Cache\Admin\1896c1cf806f2d66e648efcc3142bdb7.php 第 64 行.
NOTIC: [8] Undefined variable: data E:\wwwroot\test\wwwroot\haoidcn\Runtime\Cache\Admin\1896c1cf806f2d66e648efcc3142bdb7.php 第 68 行.
NOTIC: [8] Undefined variable: data01 E:\wwwroot\test\wwwroot\haoidcn\Runtime\Cache\Admin\1896c1cf806f2d66e648efcc3142bdb7.php 第 97 行.
NOTIC: [8] Undefined variable: data01 E:\wwwroot\test\wwwroot\haoidcn\Runtime\Cache\Admin\1896c1cf806f2d66e648efcc3142bdb7.php 第 98 行.
NOTIC: [8] Undefined variable: data01 E:\wwwroot\test\wwwroot\haoidcn\Runtime\Cache\Admin\1896c1cf806f2d66e648efcc3142bdb7.php 第 99 行.
NOTIC: [8] Undefined variable: data01 E:\wwwroot\test\wwwroot\haoidcn\Runtime\Cache\Admin\1896c1cf806f2d66e648efcc3142bdb7.php 第 100 行.
NOTIC: [8] Undefined variable: data01 E:\wwwroot\test\wwwroot\haoidcn\Runtime\Cache\Admin\1896c1cf806f2d66e648efcc3142bdb7.php 第 101 行.
NOTIC: [8] Undefined variable: data E:\wwwroot\test\wwwroot\haoidcn\Runtime\Cache\Admin\1896c1cf806f2d66e648efcc3142bdb7.php 第 105 行.
NOTIC: [8] Undefined variable: data E:\wwwroot\test\wwwroot\haoidcn\Runtime\Cache\Admin\1896c1cf806f2d66e648efcc3142bdb7.php 第 106 行.
NOTIC: [8] Undefined variable: data E:\wwwroot\test\wwwroot\haoidcn\Runtime\Cache\Admin\1896c1cf806f2d66e648efcc3142bdb7.php 第 107 行.
NOTIC: [8] Undefined variable: data E:\wwwroot\test\wwwroot\haoidcn\Runtime\Cache\Admin\1896c1cf806f2d66e648efcc3142bdb7.php 第 108 行.
NOTIC: [8] Undefined variable: data02 E:\wwwroot\test\wwwroot\haoidcn\Runtime\Cache\Admin\1896c1cf806f2d66e648efcc3142bdb7.php 第 112 行.
NOTIC: [8] Undefined variable: data03 E:\wwwroot\test\wwwroot\haoidcn\Runtime\Cache\Admin\1896c1cf806f2d66e648efcc3142bdb7.php 第 113 行.
NOTIC: [8] Undefined variable: data E:\wwwroot\test\wwwroot\haoidcn\Runtime\Cache\Admin\1896c1cf806f2d66e648efcc3142bdb7.php 第 120 行.
NOTIC: [8] Undefined variable: data E:\wwwroot\test\wwwroot\haoidcn\Runtime\Cache\Admin\1896c1cf806f2d66e648efcc3142bdb7.php 第 121 行.
NOTIC: [8] Undefined variable: data E:\wwwroot\test\wwwroot\haoidcn\Runtime\Cache\Admin\1896c1cf806f2d66e648efcc3142bdb7.php 第 122 行.
INFO: Run Behavior\ParseTemplateBehavior [ RunTime:0.015001s ]
INFO: [ view_parse ] --END-- [ RunTime:0.015001s ]
INFO: [ view_filter ] --START--
INFO: Run Behavior\WriteHtmlCacheBehavior [ RunTime:0.000000s ]
INFO: [ view_filter ] --END-- [ RunTime:0.000000s ]
INFO: [ app_end ] --START--
INFO: Run Behavior\ShowPageTraceBehavior [ RunTime:0.000000s ]
INFO: [ app_end ] --END-- [ RunTime:0.001000s ]

[ 2016-05-23T17:10:49+08:00 ] 119.36.25.45 /index.php/Console/js/excanvas.min.js
INFO: [ app_init ] --START--
INFO: Run Behavior\BuildLiteBehavior [ RunTime:0.000000s ]
INFO: [ app_init ] --END-- [ RunTime:0.000000s ]
INFO: [ app_begin ] --START--
INFO: Run Behavior\ReadHtmlCacheBehavior [ RunTime:0.000000s ]
INFO: [ app_begin ] --END-- [ RunTime:0.000000s ]
NOTIC: [8] A session had already been started - ignoring session_start() E:\wwwroot\test\wwwroot\haoidcn\Admin\Controller\CommonController.class.php 第 11 行.
SQL: SHOW COLUMNS FROM `haoidcn_user` [ RunTime:0.0020s ]
SQL: SELECT * FROM `haoidcn_user` WHERE ( userid='admin' ) LIMIT 1   [ RunTime:0.0000s ]
ERR: 非法操作:js

[ 2016-05-23T17:10:54+08:00 ] 119.36.25.45 /index.php/Admin/config.html
INFO: [ app_init ] --START--
INFO: Run Behavior\BuildLiteBehavior [ RunTime:0.000000s ]
INFO: [ app_init ] --END-- [ RunTime:0.000000s ]
INFO: [ app_begin ] --START--
INFO: Run Behavior\ReadHtmlCacheBehavior [ RunTime:0.000000s ]
INFO: [ app_begin ] --END-- [ RunTime:0.000000s ]
NOTIC: [8] A session had already been started - ignoring session_start() E:\wwwroot\test\wwwroot\haoidcn\Admin\Controller\CommonController.class.php 第 11 行.
SQL: SHOW COLUMNS FROM `haoidcn_user` [ RunTime:0.0000s ]
SQL: SELECT * FROM `haoidcn_user` WHERE ( userid='admin' ) LIMIT 1   [ RunTime:0.0000s ]
SQL: SHOW COLUMNS FROM `haoidcn_config` [ RunTime:0.0000s ]
SQL: SELECT * FROM `haoidcn_config` LIMIT 1   [ RunTime:0.0000s ]
INFO: [ view_parse ] --START--
INFO: [ template_filter ] --START--
INFO: Run Behavior\ContentReplaceBehavior [ RunTime:0.000000s ]
INFO: [ template_filter ] --END-- [ RunTime:0.000000s ]
NOTIC: [8] Undefined variable: data E:\wwwroot\test\wwwroot\haoidcn\Runtime\Cache\Admin\4a5f197bb905bd3d0f4d702990ab5280.php 第 67 行.
NOTIC: [8] Undefined variable: data E:\wwwroot\test\wwwroot\haoidcn\Runtime\Cache\Admin\4a5f197bb905bd3d0f4d702990ab5280.php 第 71 行.
NOTIC: [8] Undefined variable: set E:\wwwroot\test\wwwroot\haoidcn\Runtime\Cache\Admin\4a5f197bb905bd3d0f4d702990ab5280.php 第 98 行.
NOTIC: [8] Undefined variable: data01 E:\wwwroot\test\wwwroot\haoidcn\Runtime\Cache\Admin\4a5f197bb905bd3d0f4d702990ab5280.php 第 100 行.
NOTIC: [8] Undefined variable: data01 E:\wwwroot\test\wwwroot\haoidcn\Runtime\Cache\Admin\4a5f197bb905bd3d0f4d702990ab5280.php 第 101 行.
NOTIC: [8] Undefined variable: data01 E:\wwwroot\test\wwwroot\haoidcn\Runtime\Cache\Admin\4a5f197bb905bd3d0f4d702990ab5280.php 第 102 行.
NOTIC: [8] Undefined variable: data01 E:\wwwroot\test\wwwroot\haoidcn\Runtime\Cache\Admin\4a5f197bb905bd3d0f4d702990ab5280.php 第 103 行.
NOTIC: [8] Undefined variable: data01 E:\wwwroot\test\wwwroot\haoidcn\Runtime\Cache\Admin\4a5f197bb905bd3d0f4d702990ab5280.php 第 104 行.
NOTIC: [8] Undefined variable: data E:\wwwroot\test\wwwroot\haoidcn\Runtime\Cache\Admin\4a5f197bb905bd3d0f4d702990ab5280.php 第 108 行.
NOTIC: [8] Undefined variable: data E:\wwwroot\test\wwwroot\haoidcn\Runtime\Cache\Admin\4a5f197bb905bd3d0f4d702990ab5280.php 第 109 行.
NOTIC: [8] Undefined variable: data E:\wwwroot\test\wwwroot\haoidcn\Runtime\Cache\Admin\4a5f197bb905bd3d0f4d702990ab5280.php 第 110 行.
NOTIC: [8] Undefined variable: data E:\wwwroot\test\wwwroot\haoidcn\Runtime\Cache\Admin\4a5f197bb905bd3d0f4d702990ab5280.php 第 111 行.
NOTIC: [8] Undefined variable: data02 E:\wwwroot\test\wwwroot\haoidcn\Runtime\Cache\Admin\4a5f197bb905bd3d0f4d702990ab5280.php 第 115 行.
NOTIC: [8] Undefined variable: data E:\wwwroot\test\wwwroot\haoidcn\Runtime\Cache\Admin\4a5f197bb905bd3d0f4d702990ab5280.php 第 123 行.
NOTIC: [8] Undefined variable: data E:\wwwroot\test\wwwroot\haoidcn\Runtime\Cache\Admin\4a5f197bb905bd3d0f4d702990ab5280.php 第 124 行.
NOTIC: [8] Undefined variable: data E:\wwwroot\test\wwwroot\haoidcn\Runtime\Cache\Admin\4a5f197bb905bd3d0f4d702990ab5280.php 第 125 行.
NOTIC: [8] Undefined variable: ok E:\wwwroot\test\wwwroot\haoidcn\Runtime\Cache\Admin\4a5f197bb905bd3d0f4d702990ab5280.php 第 165 行.
INFO: Run Behavior\ParseTemplateBehavior [ RunTime:0.015600s ]
INFO: [ view_parse ] --END-- [ RunTime:0.015600s ]
INFO: [ view_filter ] --START--
INFO: Run Behavior\WriteHtmlCacheBehavior [ RunTime:0.000000s ]
INFO: [ view_filter ] --END-- [ RunTime:0.000000s ]
INFO: [ app_end ] --START--
INFO: Run Behavior\ShowPageTraceBehavior [ RunTime:0.000000s ]
INFO: [ app_end ] --END-- [ RunTime:0.000000s ]

[ 2016-05-23T17:10:54+08:00 ] 119.36.25.45 /index.php/Admin/js/excanvas.min.js
INFO: [ app_init ] --START--
INFO: Run Behavior\BuildLiteBehavior [ RunTime:0.000000s ]
INFO: [ app_init ] --END-- [ RunTime:0.000000s ]
INFO: [ app_begin ] --START--
INFO: Run Behavior\ReadHtmlCacheBehavior [ RunTime:0.000000s ]
INFO: [ app_begin ] --END-- [ RunTime:0.000000s ]
NOTIC: [8] A session had already been started - ignoring session_start() E:\wwwroot\test\wwwroot\haoidcn\Admin\Controller\CommonController.class.php 第 11 行.
SQL: SHOW COLUMNS FROM `haoidcn_user` [ RunTime:0.0020s ]
SQL: SELECT * FROM `haoidcn_user` WHERE ( userid='admin' ) LIMIT 1   [ RunTime:0.0000s ]
ERR: 非法操作:js

[ 2016-05-23T17:11:06+08:00 ] 119.36.25.45 /index.php/Client/messages/case/dai.html
INFO: [ app_init ] --START--
INFO: Run Behavior\BuildLiteBehavior [ RunTime:0.000000s ]
INFO: [ app_init ] --END-- [ RunTime:0.000000s ]
INFO: [ app_begin ] --START--
INFO: Run Behavior\ReadHtmlCacheBehavior [ RunTime:0.000000s ]
INFO: [ app_begin ] --END-- [ RunTime:0.000000s ]
NOTIC: [8] A session had already been started - ignoring session_start() E:\wwwroot\test\wwwroot\haoidcn\Admin\Controller\CommonController.class.php 第 11 行.
SQL: SHOW COLUMNS FROM `haoidcn_user` [ RunTime:0.0000s ]
SQL: SELECT * FROM `haoidcn_user` WHERE ( userid='admin' ) LIMIT 1   [ RunTime:0.0000s ]
SQL: SHOW COLUMNS FROM `haoidcn_time` [ RunTime:0.0000s ]
SQL: SELECT * FROM `haoidcn_time` LIMIT 1   [ RunTime:0.0000s ]
NOTIC: [8] Undefined variable: where E:\wwwroot\test\wwwroot\haoidcn\Admin\Controller\ClientController.class.php 第 221 行.
SQL: SHOW COLUMNS FROM `haoidcn_work` [ RunTime:0.0000s ]
SQL: SELECT * FROM `haoidcn_work` WHERE ( wc_sataus='1'  ) ORDER BY puddate asc  [ RunTime:0.0000s ]
NOTIC: [8] Undefined offset: 0 E:\wwwroot\test\wwwroot\haoidcn\Admin\Controller\ClientController.class.php 第 234 行.
SQL: SHOW COLUMNS FROM `haoidcn_work` [ RunTime:0.0000s ]
SQL: SELECT u.id u_id,u.uname u_uname,u.email u_email,u.url u_url,u.phone u_phone,w.id w_id,w.title w_title,w.issue w_issue,w.sc_file w_sc_file,w.puddate w_puddate,w.wc_sataus,s.id s_id,s.email s_email,s.uname s_uname,s.phone s_phone FROM haoidcn_work as w LEFT JOIN haoidcn_user as u ON w.uid=u.id LEFT JOIN haoidcn_service as s ON u.sid=s.id  WHERE ( w.id='' ) LIMIT 1   [ RunTime:0.0000s ]
SQL: SHOW COLUMNS FROM `haoidcn_addwork` [ RunTime:0.0020s ]
SQL: SELECT u.uname,u.email,u.phone,u.url,u.limits,a.id,a.g_reply,a.repdate,a.pid,a.uid FROM haoidcn_addwork as a LEFT JOIN haoidcn_user as u ON a.uid=u.id  WHERE ( a.pid='' ) ORDER BY repdate asc  [ RunTime:0.0010s ]
INFO: [ view_parse ] --START--
INFO: [ template_filter ] --START--
INFO: Run Behavior\ContentReplaceBehavior [ RunTime:0.000000s ]
INFO: [ template_filter ] --END-- [ RunTime:0.000000s ]
NOTIC: [8] Undefined variable: set E:\wwwroot\test\wwwroot\haoidcn\Runtime\Cache\Admin\dec63b81bbf22128bdda8f2f476b7971.php 第 108 行.
NOTIC: [8] Undefined variable: data01 E:\wwwroot\test\wwwroot\haoidcn\Runtime\Cache\Admin\dec63b81bbf22128bdda8f2f476b7971.php 第 110 行.
NOTIC: [8] Undefined variable: data01 E:\wwwroot\test\wwwroot\haoidcn\Runtime\Cache\Admin\dec63b81bbf22128bdda8f2f476b7971.php 第 111 行.
NOTIC: [8] Undefined variable: data01 E:\wwwroot\test\wwwroot\haoidcn\Runtime\Cache\Admin\dec63b81bbf22128bdda8f2f476b7971.php 第 112 行.
NOTIC: [8] Undefined variable: data01 E:\wwwroot\test\wwwroot\haoidcn\Runtime\Cache\Admin\dec63b81bbf22128bdda8f2f476b7971.php 第 113 行.
NOTIC: [8] Undefined variable: data01 E:\wwwroot\test\wwwroot\haoidcn\Runtime\Cache\Admin\dec63b81bbf22128bdda8f2f476b7971.php 第 114 行.
NOTIC: [8] Undefined index: sh_one E:\wwwroot\test\wwwroot\haoidcn\Runtime\Cache\Admin\dec63b81bbf22128bdda8f2f476b7971.php 第 118 行.
NOTIC: [8] Undefined index: sh_block E:\wwwroot\test\wwwroot\haoidcn\Runtime\Cache\Admin\dec63b81bbf22128bdda8f2f476b7971.php 第 119 行.
NOTIC: [8] Undefined index: sh_two01 E:\wwwroot\test\wwwroot\haoidcn\Runtime\Cache\Admin\dec63b81bbf22128bdda8f2f476b7971.php 第 120 行.
NOTIC: [8] Undefined index: sh_two02 E:\wwwroot\test\wwwroot\haoidcn\Runtime\Cache\Admin\dec63b81bbf22128bdda8f2f476b7971.php 第 121 行.
NOTIC: [8] Undefined variable: data02 E:\wwwroot\test\wwwroot\haoidcn\Runtime\Cache\Admin\dec63b81bbf22128bdda8f2f476b7971.php 第 125 行.
NOTIC: [8] Undefined variable: data03 E:\wwwroot\test\wwwroot\haoidcn\Runtime\Cache\Admin\dec63b81bbf22128bdda8f2f476b7971.php 第 126 行.
INFO: Run Behavior\ParseTemplateBehavior [ RunTime:0.021601s ]
INFO: [ view_parse ] --END-- [ RunTime:0.021601s ]
INFO: [ view_filter ] --START--
INFO: Run Behavior\WriteHtmlCacheBehavior [ RunTime:0.000000s ]
INFO: [ view_filter ] --END-- [ RunTime:0.000000s ]
INFO: [ app_end ] --START--
INFO: Run Behavior\ShowPageTraceBehavior [ RunTime:0.000000s ]
INFO: [ app_end ] --END-- [ RunTime:0.000000s ]

[ 2016-05-23T17:11:09+08:00 ] 119.36.25.45 /index.php/Client/messages/case/zhong.html
INFO: [ app_init ] --START--
INFO: Run Behavior\BuildLiteBehavior [ RunTime:0.000000s ]
INFO: [ app_init ] --END-- [ RunTime:0.001000s ]
INFO: [ app_begin ] --START--
INFO: Run Behavior\ReadHtmlCacheBehavior [ RunTime:0.000000s ]
INFO: [ app_begin ] --END-- [ RunTime:0.000000s ]
NOTIC: [8] A session had already been started - ignoring session_start() E:\wwwroot\test\wwwroot\haoidcn\Admin\Controller\CommonController.class.php 第 11 行.
SQL: SHOW COLUMNS FROM `haoidcn_user` [ RunTime:0.0020s ]
SQL: SELECT * FROM `haoidcn_user` WHERE ( userid='admin' ) LIMIT 1   [ RunTime:0.0010s ]
SQL: SHOW COLUMNS FROM `haoidcn_time` [ RunTime:0.0020s ]
SQL: SELECT * FROM `haoidcn_time` LIMIT 1   [ RunTime:0.0000s ]
NOTIC: [8] Undefined variable: where E:\wwwroot\test\wwwroot\haoidcn\Admin\Controller\ClientController.class.php 第 221 行.
SQL: SHOW COLUMNS FROM `haoidcn_work` [ RunTime:0.0020s ]
SQL: SELECT * FROM `haoidcn_work` WHERE ( wc_sataus='2'  ) ORDER BY puddate asc  [ RunTime:0.0000s ]
NOTIC: [8] Undefined offset: 0 E:\wwwroot\test\wwwroot\haoidcn\Admin\Controller\ClientController.class.php 第 234 行.
SQL: SHOW COLUMNS FROM `haoidcn_work` [ RunTime:0.0030s ]
SQL: SELECT u.id u_id,u.uname u_uname,u.email u_email,u.url u_url,u.phone u_phone,w.id w_id,w.title w_title,w.issue w_issue,w.sc_file w_sc_file,w.puddate w_puddate,w.wc_sataus,s.id s_id,s.email s_email,s.uname s_uname,s.phone s_phone FROM haoidcn_work as w LEFT JOIN haoidcn_user as u ON w.uid=u.id LEFT JOIN haoidcn_service as s ON u.sid=s.id  WHERE ( w.id='' ) LIMIT 1   [ RunTime:0.0000s ]
SQL: SHOW COLUMNS FROM `haoidcn_addwork` [ RunTime:0.0020s ]
SQL: SELECT u.uname,u.email,u.phone,u.url,u.limits,a.id,a.g_reply,a.repdate,a.pid,a.uid FROM haoidcn_addwork as a LEFT JOIN haoidcn_user as u ON a.uid=u.id  WHERE ( a.pid='' ) ORDER BY repdate asc  [ RunTime:0.0010s ]
INFO: [ view_parse ] --START--
INFO: [ template_filter ] --START--
INFO: Run Behavior\ContentReplaceBehavior [ RunTime:0.000000s ]
INFO: [ template_filter ] --END-- [ RunTime:0.000000s ]
NOTIC: [8] Undefined variable: set E:\wwwroot\test\wwwroot\haoidcn\Runtime\Cache\Admin\dec63b81bbf22128bdda8f2f476b7971.php 第 108 行.
NOTIC: [8] Undefined variable: data01 E:\wwwroot\test\wwwroot\haoidcn\Runtime\Cache\Admin\dec63b81bbf22128bdda8f2f476b7971.php 第 110 行.
NOTIC: [8] Undefined variable: data01 E:\wwwroot\test\wwwroot\haoidcn\Runtime\Cache\Admin\dec63b81bbf22128bdda8f2f476b7971.php 第 111 行.
NOTIC: [8] Undefined variable: data01 E:\wwwroot\test\wwwroot\haoidcn\Runtime\Cache\Admin\dec63b81bbf22128bdda8f2f476b7971.php 第 112 行.
NOTIC: [8] Undefined variable: data01 E:\wwwroot\test\wwwroot\haoidcn\Runtime\Cache\Admin\dec63b81bbf22128bdda8f2f476b7971.php 第 113 行.
NOTIC: [8] Undefined variable: data01 E:\wwwroot\test\wwwroot\haoidcn\Runtime\Cache\Admin\dec63b81bbf22128bdda8f2f476b7971.php 第 114 行.
NOTIC: [8] Undefined index: sh_one E:\wwwroot\test\wwwroot\haoidcn\Runtime\Cache\Admin\dec63b81bbf22128bdda8f2f476b7971.php 第 118 行.
NOTIC: [8] Undefined index: sh_block E:\wwwroot\test\wwwroot\haoidcn\Runtime\Cache\Admin\dec63b81bbf22128bdda8f2f476b7971.php 第 119 行.
NOTIC: [8] Undefined index: sh_two01 E:\wwwroot\test\wwwroot\haoidcn\Runtime\Cache\Admin\dec63b81bbf22128bdda8f2f476b7971.php 第 120 行.
NOTIC: [8] Undefined index: sh_two02 E:\wwwroot\test\wwwroot\haoidcn\Runtime\Cache\Admin\dec63b81bbf22128bdda8f2f476b7971.php 第 121 行.
NOTIC: [8] Undefined variable: data02 E:\wwwroot\test\wwwroot\haoidcn\Runtime\Cache\Admin\dec63b81bbf22128bdda8f2f476b7971.php 第 125 行.
NOTIC: [8] Undefined variable: data03 E:\wwwroot\test\wwwroot\haoidcn\Runtime\Cache\Admin\dec63b81bbf22128bdda8f2f476b7971.php 第 126 行.
INFO: Run Behavior\ParseTemplateBehavior [ RunTime:0.029002s ]
INFO: [ view_parse ] --END-- [ RunTime:0.030002s ]
INFO: [ view_filter ] --START--
INFO: Run Behavior\WriteHtmlCacheBehavior [ RunTime:0.000000s ]
INFO: [ view_filter ] --END-- [ RunTime:0.000000s ]
INFO: [ app_end ] --START--
INFO: Run Behavior\ShowPageTraceBehavior [ RunTime:0.000000s ]
INFO: [ app_end ] --END-- [ RunTime:0.000000s ]

[ 2016-05-23T17:11:13+08:00 ] 119.36.25.45 /index.php/Admin/config.html
INFO: [ app_init ] --START--
INFO: Run Behavior\BuildLiteBehavior [ RunTime:0.000000s ]
INFO: [ app_init ] --END-- [ RunTime:0.000000s ]
INFO: [ app_begin ] --START--
INFO: Run Behavior\ReadHtmlCacheBehavior [ RunTime:0.000000s ]
INFO: [ app_begin ] --END-- [ RunTime:0.000000s ]
NOTIC: [8] A session had already been started - ignoring session_start() E:\wwwroot\test\wwwroot\haoidcn\Admin\Controller\CommonController.class.php 第 11 行.
SQL: SHOW COLUMNS FROM `haoidcn_user` [ RunTime:0.0000s ]
SQL: SELECT * FROM `haoidcn_user` WHERE ( userid='admin' ) LIMIT 1   [ RunTime:0.0000s ]
SQL: SHOW COLUMNS FROM `haoidcn_config` [ RunTime:0.0000s ]
SQL: SELECT * FROM `haoidcn_config` LIMIT 1   [ RunTime:0.0000s ]
INFO: [ view_parse ] --START--
INFO: [ template_filter ] --START--
INFO: Run Behavior\ContentReplaceBehavior [ RunTime:0.000000s ]
INFO: [ template_filter ] --END-- [ RunTime:0.000000s ]
NOTIC: [8] Undefined variable: data E:\wwwroot\test\wwwroot\haoidcn\Runtime\Cache\Admin\4a5f197bb905bd3d0f4d702990ab5280.php 第 67 行.
NOTIC: [8] Undefined variable: data E:\wwwroot\test\wwwroot\haoidcn\Runtime\Cache\Admin\4a5f197bb905bd3d0f4d702990ab5280.php 第 71 行.
NOTIC: [8] Undefined variable: set E:\wwwroot\test\wwwroot\haoidcn\Runtime\Cache\Admin\4a5f197bb905bd3d0f4d702990ab5280.php 第 98 行.
NOTIC: [8] Undefined variable: data01 E:\wwwroot\test\wwwroot\haoidcn\Runtime\Cache\Admin\4a5f197bb905bd3d0f4d702990ab5280.php 第 100 行.
NOTIC: [8] Undefined variable: data01 E:\wwwroot\test\wwwroot\haoidcn\Runtime\Cache\Admin\4a5f197bb905bd3d0f4d702990ab5280.php 第 101 行.
NOTIC: [8] Undefined variable: data01 E:\wwwroot\test\wwwroot\haoidcn\Runtime\Cache\Admin\4a5f197bb905bd3d0f4d702990ab5280.php 第 102 行.
NOTIC: [8] Undefined variable: data01 E:\wwwroot\test\wwwroot\haoidcn\Runtime\Cache\Admin\4a5f197bb905bd3d0f4d702990ab5280.php 第 103 行.
NOTIC: [8] Undefined variable: data01 E:\wwwroot\test\wwwroot\haoidcn\Runtime\Cache\Admin\4a5f197bb905bd3d0f4d702990ab5280.php 第 104 行.
NOTIC: [8] Undefined variable: data E:\wwwroot\test\wwwroot\haoidcn\Runtime\Cache\Admin\4a5f197bb905bd3d0f4d702990ab5280.php 第 108 行.
NOTIC: [8] Undefined variable: data E:\wwwroot\test\wwwroot\haoidcn\Runtime\Cache\Admin\4a5f197bb905bd3d0f4d702990ab5280.php 第 109 行.
NOTIC: [8] Undefined variable: data E:\wwwroot\test\wwwroot\haoidcn\Runtime\Cache\Admin\4a5f197bb905bd3d0f4d702990ab5280.php 第 110 行.
NOTIC: [8] Undefined variable: data E:\wwwroot\test\wwwroot\haoidcn\Runtime\Cache\Admin\4a5f197bb905bd3d0f4d702990ab5280.php 第 111 行.
NOTIC: [8] Undefined variable: data02 E:\wwwroot\test\wwwroot\haoidcn\Runtime\Cache\Admin\4a5f197bb905bd3d0f4d702990ab5280.php 第 115 行.
NOTIC: [8] Undefined variable: data E:\wwwroot\test\wwwroot\haoidcn\Runtime\Cache\Admin\4a5f197bb905bd3d0f4d702990ab5280.php 第 123 行.
NOTIC: [8] Undefined variable: data E:\wwwroot\test\wwwroot\haoidcn\Runtime\Cache\Admin\4a5f197bb905bd3d0f4d702990ab5280.php 第 124 行.
NOTIC: [8] Undefined variable: data E:\wwwroot\test\wwwroot\haoidcn\Runtime\Cache\Admin\4a5f197bb905bd3d0f4d702990ab5280.php 第 125 行.
NOTIC: [8] Undefined variable: ok E:\wwwroot\test\wwwroot\haoidcn\Runtime\Cache\Admin\4a5f197bb905bd3d0f4d702990ab5280.php 第 165 行.
INFO: Run Behavior\ParseTemplateBehavior [ RunTime:0.015600s ]
INFO: [ view_parse ] --END-- [ RunTime:0.015600s ]
INFO: [ view_filter ] --START--
INFO: Run Behavior\WriteHtmlCacheBehavior [ RunTime:0.000000s ]
INFO: [ view_filter ] --END-- [ RunTime:0.000000s ]
INFO: [ app_end ] --START--
INFO: Run Behavior\ShowPageTraceBehavior [ RunTime:0.000000s ]
INFO: [ app_end ] --END-- [ RunTime:0.000000s ]

[ 2016-05-23T17:11:13+08:00 ] 119.36.25.45 /index.php/Admin/js/excanvas.min.js
INFO: [ app_init ] --START--
INFO: Run Behavior\BuildLiteBehavior [ RunTime:0.000000s ]
INFO: [ app_init ] --END-- [ RunTime:0.000000s ]
INFO: [ app_begin ] --START--
INFO: Run Behavior\ReadHtmlCacheBehavior [ RunTime:0.000000s ]
INFO: [ app_begin ] --END-- [ RunTime:0.000000s ]
NOTIC: [8] A session had already been started - ignoring session_start() E:\wwwroot\test\wwwroot\haoidcn\Admin\Controller\CommonController.class.php 第 11 行.
SQL: SHOW COLUMNS FROM `haoidcn_user` [ RunTime:0.0000s ]
SQL: SELECT * FROM `haoidcn_user` WHERE ( userid='admin' ) LIMIT 1   [ RunTime:0.0000s ]
ERR: 非法操作:js

[ 2016-05-23T17:14:43+08:00 ] 119.36.25.45 /index.php/Admin/client.html
INFO: [ app_init ] --START--
INFO: Run Behavior\BuildLiteBehavior [ RunTime:0.001000s ]
INFO: [ app_init ] --END-- [ RunTime:0.004001s ]
INFO: [ app_begin ] --START--
INFO: Run Behavior\ReadHtmlCacheBehavior [ RunTime:0.003000s ]
INFO: [ app_begin ] --END-- [ RunTime:0.004000s ]
NOTIC: [8] A session had already been started - ignoring session_start() E:\wwwroot\test\wwwroot\haoidcn\Admin\Controller\CommonController.class.php 第 11 行.

[ 2016-05-23T17:14:43+08:00 ] 119.36.25.45 /index.php/Index/index.html
INFO: [ app_init ] --START--
INFO: Run Behavior\BuildLiteBehavior [ RunTime:0.000000s ]
INFO: [ app_init ] --END-- [ RunTime:0.000000s ]
INFO: [ app_begin ] --START--
INFO: Run Behavior\ReadHtmlCacheBehavior [ RunTime:0.000000s ]
INFO: [ app_begin ] --END-- [ RunTime:0.000000s ]
SQL: SHOW COLUMNS FROM `haoidcn_time` [ RunTime:0.0020s ]
SQL: SELECT * FROM `haoidcn_time` LIMIT 1   [ RunTime:0.0000s ]
NOTIC: [8] A session had already been started - ignoring session_start() E:\wwwroot\test\wwwroot\haoidcn\Admin\Controller\IndexController.class.php 第 10 行.
INFO: [ view_parse ] --START--
INFO: [ template_filter ] --START--
INFO: Run Behavior\ContentReplaceBehavior [ RunTime:0.000000s ]
INFO: [ template_filter ] --END-- [ RunTime:0.000000s ]
INFO: Run Behavior\ParseTemplateBehavior [ RunTime:0.037002s ]
INFO: [ view_parse ] --END-- [ RunTime:0.037002s ]
INFO: [ view_filter ] --START--
INFO: Run Behavior\WriteHtmlCacheBehavior [ RunTime:0.003001s ]
INFO: [ view_filter ] --END-- [ RunTime:0.003001s ]
INFO: [ app_end ] --START--
INFO: Run Behavior\ShowPageTraceBehavior [ RunTime:0.004000s ]
INFO: [ app_end ] --END-- [ RunTime:0.004000s ]

[ 2016-05-23T17:14:49+08:00 ] 119.36.25.45 /index.php/Admin/client.html
INFO: [ app_init ] --START--
INFO: Run Behavior\BuildLiteBehavior [ RunTime:0.001000s ]
INFO: [ app_init ] --END-- [ RunTime:0.001000s ]
INFO: [ app_begin ] --START--
INFO: Run Behavior\ReadHtmlCacheBehavior [ RunTime:0.000000s ]
INFO: [ app_begin ] --END-- [ RunTime:0.000000s ]
NOTIC: [8] A session had already been started - ignoring session_start() E:\wwwroot\test\wwwroot\haoidcn\Admin\Controller\CommonController.class.php 第 11 行.
SQL: SHOW COLUMNS FROM `haoidcn_user` [ RunTime:0.0000s ]
SQL: SELECT * FROM `haoidcn_user` WHERE ( userid='admin' ) LIMIT 1   [ RunTime:0.0000s ]
SQL: SHOW COLUMNS FROM `haoidcn_status` [ RunTime:0.0000s ]
SQL: SELECT * FROM `haoidcn_status` ORDER BY time desc  [ RunTime:0.0000s ]
SQL: SHOW COLUMNS FROM `haoidcn_service` [ RunTime:0.0000s ]
SQL: SELECT * FROM `haoidcn_service` ORDER BY time desc  [ RunTime:0.0000s ]
INFO: [ view_parse ] --START--
INFO: [ template_filter ] --START--
INFO: Run Behavior\ContentReplaceBehavior [ RunTime:0.000000s ]
INFO: [ template_filter ] --END-- [ RunTime:0.000000s ]
NOTIC: [8] Undefined index: limits E:\wwwroot\test\wwwroot\haoidcn\Runtime\Cache\Admin\28f4899251d0c346d103e4081dfb869a.php 第 78 行.
NOTIC: [8] Undefined index: limits E:\wwwroot\test\wwwroot\haoidcn\Runtime\Cache\Admin\28f4899251d0c346d103e4081dfb869a.php 第 82 行.
NOTIC: [8] Undefined variable: set E:\wwwroot\test\wwwroot\haoidcn\Runtime\Cache\Admin\28f4899251d0c346d103e4081dfb869a.php 第 109 行.
NOTIC: [8] Undefined index: kh_two02 E:\wwwroot\test\wwwroot\haoidcn\Runtime\Cache\Admin\28f4899251d0c346d103e4081dfb869a.php 第 114 行.
NOTIC: [8] Undefined index: kh_two03 E:\wwwroot\test\wwwroot\haoidcn\Runtime\Cache\Admin\28f4899251d0c346d103e4081dfb869a.php 第 115 行.
NOTIC: [8] Undefined index: sh_one E:\wwwroot\test\wwwroot\haoidcn\Runtime\Cache\Admin\28f4899251d0c346d103e4081dfb869a.php 第 119 行.
NOTIC: [8] Undefined index: sh_block E:\wwwroot\test\wwwroot\haoidcn\Runtime\Cache\Admin\28f4899251d0c346d103e4081dfb869a.php 第 120 行.
NOTIC: [8] Undefined index: sh_two01 E:\wwwroot\test\wwwroot\haoidcn\Runtime\Cache\Admin\28f4899251d0c346d103e4081dfb869a.php 第 121 行.
NOTIC: [8] Undefined index: sh_two02 E:\wwwroot\test\wwwroot\haoidcn\Runtime\Cache\Admin\28f4899251d0c346d103e4081dfb869a.php 第 122 行.
NOTIC: [8] Undefined index: sh_two01 E:\wwwroot\test\wwwroot\haoidcn\Runtime\Cache\Admin\28f4899251d0c346d103e4081dfb869a.php 第 126 行.
NOTIC: [8] Undefined variable: data03 E:\wwwroot\test\wwwroot\haoidcn\Runtime\Cache\Admin\28f4899251d0c346d103e4081dfb869a.php 第 127 行.
NOTIC: [8] Undefined index: case E:\wwwroot\test\wwwroot\haoidcn\Runtime\Cache\Admin\28f4899251d0c346d103e4081dfb869a.php 第 134 行.
NOTIC: [8] Undefined index: case E:\wwwroot\test\wwwroot\haoidcn\Runtime\Cache\Admin\28f4899251d0c346d103e4081dfb869a.php 第 135 行.
NOTIC: [8] Undefined index: case E:\wwwroot\test\wwwroot\haoidcn\Runtime\Cache\Admin\28f4899251d0c346d103e4081dfb869a.php 第 136 行.
NOTIC: [8] Undefined variable: ok E:\wwwroot\test\wwwroot\haoidcn\Runtime\Cache\Admin\28f4899251d0c346d103e4081dfb869a.php 第 207 行.
INFO: Run Behavior\ParseTemplateBehavior [ RunTime:0.017601s ]
INFO: [ view_parse ] --END-- [ RunTime:0.017601s ]
INFO: [ view_filter ] --START--
INFO: Run Behavior\WriteHtmlCacheBehavior [ RunTime:0.000000s ]
INFO: [ view_filter ] --END-- [ RunTime:0.000000s ]
INFO: [ app_end ] --START--
INFO: Run Behavior\ShowPageTraceBehavior [ RunTime:0.000000s ]
INFO: [ app_end ] --END-- [ RunTime:0.000000s ]

[ 2016-05-23T17:14:49+08:00 ] 119.36.25.45 /index.php/Admin/js/excanvas.min.js
INFO: [ app_init ] --START--
INFO: Run Behavior\BuildLiteBehavior [ RunTime:0.000000s ]
INFO: [ app_init ] --END-- [ RunTime:0.000000s ]
INFO: [ app_begin ] --START--
INFO: Run Behavior\ReadHtmlCacheBehavior [ RunTime:0.000000s ]
INFO: [ app_begin ] --END-- [ RunTime:0.000000s ]
NOTIC: [8] A session had already been started - ignoring session_start() E:\wwwroot\test\wwwroot\haoidcn\Admin\Controller\CommonController.class.php 第 11 行.
SQL: SHOW COLUMNS FROM `haoidcn_user` [ RunTime:0.0000s ]
SQL: SELECT * FROM `haoidcn_user` WHERE ( userid='admin' ) LIMIT 1   [ RunTime:0.0000s ]
ERR: 非法操作:js

[ 2016-05-23T17:14:56+08:00 ] 119.36.25.45 /index.php/Admin/c_status.html
INFO: [ app_init ] --START--
INFO: Run Behavior\BuildLiteBehavior [ RunTime:0.001000s ]
INFO: [ app_init ] --END-- [ RunTime:0.001000s ]
INFO: [ app_begin ] --START--
INFO: Run Behavior\ReadHtmlCacheBehavior [ RunTime:0.000000s ]
INFO: [ app_begin ] --END-- [ RunTime:0.000000s ]
NOTIC: [8] A session had already been started - ignoring session_start() E:\wwwroot\test\wwwroot\haoidcn\Admin\Controller\CommonController.class.php 第 11 行.
SQL: SHOW COLUMNS FROM `haoidcn_user` [ RunTime:0.0020s ]
SQL: SELECT * FROM `haoidcn_user` WHERE ( userid='admin' ) LIMIT 1   [ RunTime:0.0000s ]
SQL: SHOW COLUMNS FROM `haoidcn_status` [ RunTime:0.0020s ]
SQL: SELECT * FROM `haoidcn_status` ORDER BY time desc  [ RunTime:0.0010s ]
INFO: [ view_parse ] --START--
INFO: [ template_filter ] --START--
INFO: Run Behavior\ContentReplaceBehavior [ RunTime:0.001000s ]
INFO: [ template_filter ] --END-- [ RunTime:0.001000s ]
NOTIC: [8] Undefined index: limits E:\wwwroot\test\wwwroot\haoidcn\Runtime\Cache\Admin\df5c80b79eb2595294d72e2df1434dce.php 第 78 行.
NOTIC: [8] Undefined index: limits E:\wwwroot\test\wwwroot\haoidcn\Runtime\Cache\Admin\df5c80b79eb2595294d72e2df1434dce.php 第 82 行.
NOTIC: [8] Undefined variable: set E:\wwwroot\test\wwwroot\haoidcn\Runtime\Cache\Admin\df5c80b79eb2595294d72e2df1434dce.php 第 109 行.
NOTIC: [8] Undefined index: kh_two01 E:\wwwroot\test\wwwroot\haoidcn\Runtime\Cache\Admin\df5c80b79eb2595294d72e2df1434dce.php 第 113 行.
NOTIC: [8] Undefined index: kh_two02 E:\wwwroot\test\wwwroot\haoidcn\Runtime\Cache\Admin\df5c80b79eb2595294d72e2df1434dce.php 第 114 行.
NOTIC: [8] Undefined index: sh_one E:\wwwroot\test\wwwroot\haoidcn\Runtime\Cache\Admin\df5c80b79eb2595294d72e2df1434dce.php 第 119 行.
NOTIC: [8] Undefined index: sh_block E:\wwwroot\test\wwwroot\haoidcn\Runtime\Cache\Admin\df5c80b79eb2595294d72e2df1434dce.php 第 120 行.
NOTIC: [8] Undefined index: sh_two01 E:\wwwroot\test\wwwroot\haoidcn\Runtime\Cache\Admin\df5c80b79eb2595294d72e2df1434dce.php 第 121 行.
NOTIC: [8] Undefined index: sh_two02 E:\wwwroot\test\wwwroot\haoidcn\Runtime\Cache\Admin\df5c80b79eb2595294d72e2df1434dce.php 第 122 行.
NOTIC: [8] Undefined variable: data02 E:\wwwroot\test\wwwroot\haoidcn\Runtime\Cache\Admin\df5c80b79eb2595294d72e2df1434dce.php 第 126 行.
NOTIC: [8] Undefined variable: data03 E:\wwwroot\test\wwwroot\haoidcn\Runtime\Cache\Admin\df5c80b79eb2595294d72e2df1434dce.php 第 127 行.
NOTIC: [8] Undefined index: case E:\wwwroot\test\wwwroot\haoidcn\Runtime\Cache\Admin\df5c80b79eb2595294d72e2df1434dce.php 第 134 行.
NOTIC: [8] Undefined index: case E:\wwwroot\test\wwwroot\haoidcn\Runtime\Cache\Admin\df5c80b79eb2595294d72e2df1434dce.php 第 135 行.
NOTIC: [8] Undefined index: case E:\wwwroot\test\wwwroot\haoidcn\Runtime\Cache\Admin\df5c80b79eb2595294d72e2df1434dce.php 第 136 行.
NOTIC: [8] Undefined variable: ok E:\wwwroot\test\wwwroot\haoidcn\Runtime\Cache\Admin\df5c80b79eb2595294d72e2df1434dce.php 第 171 行.
INFO: Run Behavior\ParseTemplateBehavior [ RunTime:0.018001s ]
INFO: [ view_parse ] --END-- [ RunTime:0.018001s ]
INFO: [ view_filter ] --START--
INFO: Run Behavior\WriteHtmlCacheBehavior [ RunTime:0.000000s ]
INFO: [ view_filter ] --END-- [ RunTime:0.000000s ]
INFO: [ app_end ] --START--
INFO: Run Behavior\ShowPageTraceBehavior [ RunTime:0.001000s ]
INFO: [ app_end ] --END-- [ RunTime:0.001000s ]

[ 2016-05-23T17:14:56+08:00 ] 119.36.25.45 /index.php/Admin/js/excanvas.min.js
INFO: [ app_init ] --START--
INFO: Run Behavior\BuildLiteBehavior [ RunTime:0.001000s ]
INFO: [ app_init ] --END-- [ RunTime:0.001000s ]
INFO: [ app_begin ] --START--
INFO: Run Behavior\ReadHtmlCacheBehavior [ RunTime:0.001000s ]
INFO: [ app_begin ] --END-- [ RunTime:0.001000s ]
NOTIC: [8] A session had already been started - ignoring session_start() E:\wwwroot\test\wwwroot\haoidcn\Admin\Controller\CommonController.class.php 第 11 行.
SQL: SHOW COLUMNS FROM `haoidcn_user` [ RunTime:0.0030s ]
SQL: SELECT * FROM `haoidcn_user` WHERE ( userid='admin' ) LIMIT 1   [ RunTime:0.0000s ]
ERR: 非法操作:js

[ 2016-05-23T17:15:56+08:00 ] 119.36.25.45 /index.php/Admin/config.html
INFO: [ app_init ] --START--
INFO: Run Behavior\BuildLiteBehavior [ RunTime:0.000000s ]
INFO: [ app_init ] --END-- [ RunTime:0.000000s ]
INFO: [ app_begin ] --START--
INFO: Run Behavior\ReadHtmlCacheBehavior [ RunTime:0.000000s ]
INFO: [ app_begin ] --END-- [ RunTime:0.000000s ]
NOTIC: [8] A session had already been started - ignoring session_start() E:\wwwroot\test\wwwroot\haoidcn\Admin\Controller\CommonController.class.php 第 11 行.
SQL: SHOW COLUMNS FROM `haoidcn_user` [ RunTime:0.0000s ]
SQL: SELECT * FROM `haoidcn_user` WHERE ( userid='admin' ) LIMIT 1   [ RunTime:0.0000s ]
SQL: SHOW COLUMNS FROM `haoidcn_config` [ RunTime:0.0000s ]
SQL: SELECT * FROM `haoidcn_config` LIMIT 1   [ RunTime:0.0000s ]
INFO: [ view_parse ] --START--
INFO: [ template_filter ] --START--
INFO: Run Behavior\ContentReplaceBehavior [ RunTime:0.000000s ]
INFO: [ template_filter ] --END-- [ RunTime:0.000000s ]
NOTIC: [8] Undefined variable: data E:\wwwroot\test\wwwroot\haoidcn\Runtime\Cache\Admin\4a5f197bb905bd3d0f4d702990ab5280.php 第 67 行.
NOTIC: [8] Undefined variable: data E:\wwwroot\test\wwwroot\haoidcn\Runtime\Cache\Admin\4a5f197bb905bd3d0f4d702990ab5280.php 第 71 行.
NOTIC: [8] Undefined variable: set E:\wwwroot\test\wwwroot\haoidcn\Runtime\Cache\Admin\4a5f197bb905bd3d0f4d702990ab5280.php 第 98 行.
NOTIC: [8] Undefined variable: data01 E:\wwwroot\test\wwwroot\haoidcn\Runtime\Cache\Admin\4a5f197bb905bd3d0f4d702990ab5280.php 第 100 行.
NOTIC: [8] Undefined variable: data01 E:\wwwroot\test\wwwroot\haoidcn\Runtime\Cache\Admin\4a5f197bb905bd3d0f4d702990ab5280.php 第 101 行.
NOTIC: [8] Undefined variable: data01 E:\wwwroot\test\wwwroot\haoidcn\Runtime\Cache\Admin\4a5f197bb905bd3d0f4d702990ab5280.php 第 102 行.
NOTIC: [8] Undefined variable: data01 E:\wwwroot\test\wwwroot\haoidcn\Runtime\Cache\Admin\4a5f197bb905bd3d0f4d702990ab5280.php 第 103 行.
NOTIC: [8] Undefined variable: data01 E:\wwwroot\test\wwwroot\haoidcn\Runtime\Cache\Admin\4a5f197bb905bd3d0f4d702990ab5280.php 第 104 行.
NOTIC: [8] Undefined variable: data E:\wwwroot\test\wwwroot\haoidcn\Runtime\Cache\Admin\4a5f197bb905bd3d0f4d702990ab5280.php 第 108 行.
NOTIC: [8] Undefined variable: data E:\wwwroot\test\wwwroot\haoidcn\Runtime\Cache\Admin\4a5f197bb905bd3d0f4d702990ab5280.php 第 109 行.
NOTIC: [8] Undefined variable: data E:\wwwroot\test\wwwroot\haoidcn\Runtime\Cache\Admin\4a5f197bb905bd3d0f4d702990ab5280.php 第 110 行.
NOTIC: [8] Undefined variable: data E:\wwwroot\test\wwwroot\haoidcn\Runtime\Cache\Admin\4a5f197bb905bd3d0f4d702990ab5280.php 第 111 行.
NOTIC: [8] Undefined variable: data02 E:\wwwroot\test\wwwroot\haoidcn\Runtime\Cache\Admin\4a5f197bb905bd3d0f4d702990ab5280.php 第 115 行.
NOTIC: [8] Undefined variable: data E:\wwwroot\test\wwwroot\haoidcn\Runtime\Cache\Admin\4a5f197bb905bd3d0f4d702990ab5280.php 第 123 行.
NOTIC: [8] Undefined variable: data E:\wwwroot\test\wwwroot\haoidcn\Runtime\Cache\Admin\4a5f197bb905bd3d0f4d702990ab5280.php 第 124 行.
NOTIC: [8] Undefined variable: data E:\wwwroot\test\wwwroot\haoidcn\Runtime\Cache\Admin\4a5f197bb905bd3d0f4d702990ab5280.php 第 125 行.
NOTIC: [8] Undefined variable: ok E:\wwwroot\test\wwwroot\haoidcn\Runtime\Cache\Admin\4a5f197bb905bd3d0f4d702990ab5280.php 第 165 行.
INFO: Run Behavior\ParseTemplateBehavior [ RunTime:0.017600s ]
INFO: [ view_parse ] --END-- [ RunTime:0.017600s ]
INFO: [ view_filter ] --START--
INFO: Run Behavior\WriteHtmlCacheBehavior [ RunTime:0.000000s ]
INFO: [ view_filter ] --END-- [ RunTime:0.000000s ]
INFO: [ app_end ] --START--
INFO: Run Behavior\ShowPageTraceBehavior [ RunTime:0.000000s ]
INFO: [ app_end ] --END-- [ RunTime:0.000000s ]

[ 2016-05-23T17:15:56+08:00 ] 119.36.25.45 /index.php/Admin/js/excanvas.min.js
INFO: [ app_init ] --START--
INFO: Run Behavior\BuildLiteBehavior [ RunTime:0.000000s ]
INFO: [ app_init ] --END-- [ RunTime:0.000000s ]
INFO: [ app_begin ] --START--
INFO: Run Behavior\ReadHtmlCacheBehavior [ RunTime:0.000000s ]
INFO: [ app_begin ] --END-- [ RunTime:0.000000s ]
NOTIC: [8] A session had already been started - ignoring session_start() E:\wwwroot\test\wwwroot\haoidcn\Admin\Controller\CommonController.class.php 第 11 行.
SQL: SHOW COLUMNS FROM `haoidcn_user` [ RunTime:0.0000s ]
SQL: SELECT * FROM `haoidcn_user` WHERE ( userid='admin' ) LIMIT 1   [ RunTime:0.0000s ]
ERR: 非法操作:js

