[ 2018-01-18T09:36:48+08:00 ] 127.0.0.1 /
INFO: [ app_init ] --START--
INFO: Run Behavior\BuildLiteBehavior [ RunTime:0.000000s ]
INFO: [ app_init ] --END-- [ RunTime:0.009001s ]
INFO: [ app_begin ] --START--
INFO: Run Behavior\ReadHtmlCacheBehavior [ RunTime:0.010000s ]
INFO: [ app_begin ] --END-- [ RunTime:0.010000s ]
SQL: SHOW COLUMNS FROM `haoidcn_time` [ RunTime:0.0180s ]
SQL: SELECT * FROM `haoidcn_time` LIMIT 1   [ RunTime:0.0000s ]
NOTIC: [8] A session had already been started - ignoring session_start() D:\wamp64\www\nainuogongdansys\haoidcn\Admin\Controller\IndexController.class.php 第 10 行.
INFO: [ view_parse ] --START--
INFO: [ template_filter ] --START--
INFO: Run Behavior\ContentReplaceBehavior [ RunTime:0.000000s ]
INFO: [ template_filter ] --END-- [ RunTime:0.000000s ]
INFO: Run Behavior\ParseTemplateBehavior [ RunTime:0.034002s ]
INFO: [ view_parse ] --END-- [ RunTime:0.035002s ]
INFO: [ view_filter ] --START--
INFO: Run Behavior\WriteHtmlCacheBehavior [ RunTime:0.009001s ]
INFO: [ view_filter ] --END-- [ RunTime:0.009001s ]
INFO: [ app_end ] --START--
INFO: Run Behavior\ShowPageTraceBehavior [ RunTime:0.001000s ]
INFO: [ app_end ] --END-- [ RunTime:0.001000s ]

[ 2018-01-18T09:36:52+08:00 ] 127.0.0.1 /?
INFO: [ app_init ] --START--
INFO: Run Behavior\BuildLiteBehavior [ RunTime:0.000000s ]
INFO: [ app_init ] --END-- [ RunTime:0.000000s ]
INFO: [ app_begin ] --START--
INFO: Run Behavior\ReadHtmlCacheBehavior [ RunTime:0.000000s ]
INFO: [ app_begin ] --END-- [ RunTime:0.001000s ]
SQL: SHOW COLUMNS FROM `haoidcn_time` [ RunTime:0.0010s ]
SQL: SELECT * FROM `haoidcn_time` LIMIT 1   [ RunTime:0.0000s ]
NOTIC: [8] A session had already been started - ignoring session_start() D:\wamp64\www\nainuogongdansys\haoidcn\Admin\Controller\IndexController.class.php 第 10 行.
SQL: SHOW COLUMNS FROM `haoidcn_user` [ RunTime:0.0360s ]
SQL: SELECT * FROM `haoidcn_user` WHERE ( (userid='admin' or email='admin' or phone='admin') AND pwd='21232f297a57a5a743894a0e4a801fc3' ) LIMIT 1   [ RunTime:0.0010s ]

[ 2018-01-18T09:36:52+08:00 ] 127.0.0.1 /index.php/Console/dashboard.html
INFO: [ app_init ] --START--
INFO: Run Behavior\BuildLiteBehavior [ RunTime:0.000000s ]
INFO: [ app_init ] --END-- [ RunTime:0.001000s ]
INFO: [ app_begin ] --START--
INFO: Run Behavior\ReadHtmlCacheBehavior [ RunTime:0.000000s ]
INFO: [ app_begin ] --END-- [ RunTime:0.000000s ]
NOTIC: [8] A session had already been started - ignoring session_start() D:\wamp64\www\nainuogongdansys\haoidcn\Admin\Controller\CommonController.class.php 第 11 行.
SQL: SHOW COLUMNS FROM `haoidcn_user` [ RunTime:0.0010s ]
SQL: SELECT * FROM `haoidcn_user` WHERE ( userid='admin' ) LIMIT 1   [ RunTime:0.0010s ]
INFO: [ view_parse ] --START--
INFO: [ template_filter ] --START--
INFO: Run Behavior\ContentReplaceBehavior [ RunTime:0.000000s ]
INFO: [ template_filter ] --END-- [ RunTime:0.000000s ]
NOTIC: [8] Undefined variable: data D:\wamp64\www\nainuogongdansys\haoidcn\Runtime\Cache\Admin\1896c1cf806f2d66e648efcc3142bdb7.php 第 64 行.
NOTIC: [8] Undefined variable: data D:\wamp64\www\nainuogongdansys\haoidcn\Runtime\Cache\Admin\1896c1cf806f2d66e648efcc3142bdb7.php 第 68 行.
NOTIC: [8] Undefined variable: data01 D:\wamp64\www\nainuogongdansys\haoidcn\Runtime\Cache\Admin\1896c1cf806f2d66e648efcc3142bdb7.php 第 97 行.
NOTIC: [8] Undefined variable: data01 D:\wamp64\www\nainuogongdansys\haoidcn\Runtime\Cache\Admin\1896c1cf806f2d66e648efcc3142bdb7.php 第 98 行.
NOTIC: [8] Undefined variable: data01 D:\wamp64\www\nainuogongdansys\haoidcn\Runtime\Cache\Admin\1896c1cf806f2d66e648efcc3142bdb7.php 第 99 行.
NOTIC: [8] Undefined variable: data01 D:\wamp64\www\nainuogongdansys\haoidcn\Runtime\Cache\Admin\1896c1cf806f2d66e648efcc3142bdb7.php 第 100 行.
NOTIC: [8] Undefined variable: data01 D:\wamp64\www\nainuogongdansys\haoidcn\Runtime\Cache\Admin\1896c1cf806f2d66e648efcc3142bdb7.php 第 101 行.
NOTIC: [8] Undefined variable: data D:\wamp64\www\nainuogongdansys\haoidcn\Runtime\Cache\Admin\1896c1cf806f2d66e648efcc3142bdb7.php 第 105 行.
NOTIC: [8] Undefined variable: data D:\wamp64\www\nainuogongdansys\haoidcn\Runtime\Cache\Admin\1896c1cf806f2d66e648efcc3142bdb7.php 第 106 行.
NOTIC: [8] Undefined variable: data D:\wamp64\www\nainuogongdansys\haoidcn\Runtime\Cache\Admin\1896c1cf806f2d66e648efcc3142bdb7.php 第 107 行.
NOTIC: [8] Undefined variable: data D:\wamp64\www\nainuogongdansys\haoidcn\Runtime\Cache\Admin\1896c1cf806f2d66e648efcc3142bdb7.php 第 108 行.
NOTIC: [8] Undefined variable: data02 D:\wamp64\www\nainuogongdansys\haoidcn\Runtime\Cache\Admin\1896c1cf806f2d66e648efcc3142bdb7.php 第 112 行.
NOTIC: [8] Undefined variable: data03 D:\wamp64\www\nainuogongdansys\haoidcn\Runtime\Cache\Admin\1896c1cf806f2d66e648efcc3142bdb7.php 第 113 行.
NOTIC: [8] Undefined variable: data D:\wamp64\www\nainuogongdansys\haoidcn\Runtime\Cache\Admin\1896c1cf806f2d66e648efcc3142bdb7.php 第 120 行.
NOTIC: [8] Undefined variable: data D:\wamp64\www\nainuogongdansys\haoidcn\Runtime\Cache\Admin\1896c1cf806f2d66e648efcc3142bdb7.php 第 121 行.
NOTIC: [8] Undefined variable: data D:\wamp64\www\nainuogongdansys\haoidcn\Runtime\Cache\Admin\1896c1cf806f2d66e648efcc3142bdb7.php 第 122 行.
INFO: Run Behavior\ParseTemplateBehavior [ RunTime:0.032002s ]
INFO: [ view_parse ] --END-- [ RunTime:0.032002s ]
INFO: [ view_filter ] --START--
INFO: Run Behavior\WriteHtmlCacheBehavior [ RunTime:0.001000s ]
INFO: [ view_filter ] --END-- [ RunTime:0.001000s ]
INFO: [ app_end ] --START--
INFO: Run Behavior\ShowPageTraceBehavior [ RunTime:0.001000s ]
INFO: [ app_end ] --END-- [ RunTime:0.001000s ]

[ 2018-01-18T09:38:08+08:00 ] 127.0.0.1 /?
INFO: [ app_init ] --START--
INFO: Run Behavior\BuildLiteBehavior [ RunTime:0.001000s ]
INFO: [ app_init ] --END-- [ RunTime:0.001000s ]
INFO: [ app_begin ] --START--
INFO: Run Behavior\ReadHtmlCacheBehavior [ RunTime:0.000000s ]
INFO: [ app_begin ] --END-- [ RunTime:0.001000s ]
SQL: SHOW COLUMNS FROM `haoidcn_time` [ RunTime:0.0010s ]
SQL: SELECT * FROM `haoidcn_time` LIMIT 1   [ RunTime:0.0000s ]
NOTIC: [8] A session had already been started - ignoring session_start() D:\wamp64\www\nainuogongdansys\haoidcn\Admin\Controller\IndexController.class.php 第 10 行.

[ 2018-01-18T10:04:23+08:00 ] 127.0.0.1 /?
INFO: [ app_init ] --START--
INFO: Run Behavior\BuildLiteBehavior [ RunTime:0.001000s ]
INFO: [ app_init ] --END-- [ RunTime:0.001000s ]
INFO: [ app_begin ] --START--
INFO: Run Behavior\ReadHtmlCacheBehavior [ RunTime:0.000000s ]
INFO: [ app_begin ] --END-- [ RunTime:0.001000s ]
SQL: SHOW COLUMNS FROM `haoidcn_time` [ RunTime:0.0010s ]
SQL: SELECT * FROM `haoidcn_time` LIMIT 1   [ RunTime:0.0010s ]
NOTIC: [8] A session had already been started - ignoring session_start() D:\wamp64\www\nainuogongdansys\haoidcn\Admin\Controller\IndexController.class.php 第 10 行.

